["INFO" - 9:41:44 AM] Extension Name: esbenp.prettier-vscode.
["INFO" - 9:41:44 AM] Extension Version: 4.7.0.
["INFO" - 9:41:45 AM] Loaded module 'prettier@1.19.1' from '/home/hadooop/Desktop/east_travels/easttravel/node_modules/prettier/index.js'
["INFO" - 9:41:45 AM] Enabling prettier for languages
[
  "css",
  "graphql",
  "html",
  "javascript",
  "javascriptreact",
  "json",
  "json5",
  "jsonc",
  "less",
  "markdown",
  "mdx",
  "mongo",
  "postcss",
  "scss",
  "typescript",
  "typescriptreact",
  "vue",
  "yaml"
]
["INFO" - 9:41:45 AM] Enabling prettier for range supported languages
[
  "graphql",
  "javascript",
  "javascriptreact",
  "json",
  "typescript",
  "typescriptreact"
]
