Looking for git in: git
Using git 2.17.1 from git
> git rev-parse --show-toplevel
> git rev-parse --git-dir
Open repository: /home/hadooop/Desktop/east_travels/easttravel
> git status -z -u
> git symbolic-ref --short HEAD
> git rev-parse master
> git rev-parse --symbolic-full-name master@{u}
fatal: no upstream configured for branch 'master'
> git for-each-ref --format %(refname) %(objectname) --sort -committerdate
> git remote --verbose
> git config --get commit.template
> git check-ignore -v -z --stdin
> git check-ignore -v -z --stdin
> git check-ignore -v -z --stdin
> git check-ignore -v -z --stdin
> git check-ignore -v -z --stdin
> git check-ignore -v -z --stdin
> git show :app/Http/Controllers/ahmed/activity_controller.php
> git ls-files --stage -- /home/hadooop/Desktop/east_travels/easttravel/app/Http/Controllers/ahmed/activity_controller.php
> git status -z -u
> git symbolic-ref --short HEAD
> git cat-file -s a7aec8bcf7a5a74372ddcba1123b642642b2cd61
> git rev-parse master
> git rev-parse --symbolic-full-name master@{u}
fatal: no upstream configured for branch 'master'
> git for-each-ref --format %(refname) %(objectname) --sort -committerdate
> git remote --verbose
> git config --get commit.template
> git status -z -u
> git symbolic-ref --short HEAD
> git rev-parse master
> git rev-parse --symbolic-full-name master@{u}
fatal: no upstream configured for branch 'master'
> git for-each-ref --format %(refname) %(objectname) --sort -committerdate
> git remote --verbose
> git config --get commit.template
> git show :app/Http/Controllers/ahmed/blog_controller.php
> git ls-files --stage -- /home/hadooop/Desktop/east_travels/easttravel/app/Http/Controllers/ahmed/blog_controller.php
> git cat-file -s 1eb0f605ed1a432292b2b439b295df23f70e921a
> git show :app/Http/Controllers/ahmed/BookNowController.php
> git ls-files --stage -- /home/hadooop/Desktop/east_travels/easttravel/app/Http/Controllers/ahmed/BookNowController.php
> git cat-file -s 1d35344fd716efb34e3ec467535d78f358e7cf75
> git show :app/Http/Controllers/ahmed/cruise_controller.php
> git ls-files --stage -- /home/hadooop/Desktop/east_travels/easttravel/app/Http/Controllers/ahmed/cruise_controller.php
> git cat-file -s 44b268e56ab4e44d5ad864309adff494bb075ae4
> git status -z -u
> git symbolic-ref --short HEAD
> git rev-parse master
> git rev-parse --symbolic-full-name master@{u}
fatal: no upstream configured for branch 'master'
> git for-each-ref --format %(refname) %(objectname) --sort -committerdate
> git remote --verbose
> git config --get commit.template
> git show :app/Http/Controllers/ahmed/dashboard_controller.php
> git ls-files --stage -- /home/hadooop/Desktop/east_travels/easttravel/app/Http/Controllers/ahmed/dashboard_controller.php
> git cat-file -s 420595d9b2f85deb7f8d007059624d91f73b85ba
> git show :app/Http/Controllers/ahmed/daytour_controller.php
> git ls-files --stage -- /home/hadooop/Desktop/east_travels/easttravel/app/Http/Controllers/ahmed/daytour_controller.php
> git cat-file -s 1763f837d4f94112fe62b3e4640cc3c39e05286a
> git status -z -u
> git symbolic-ref --short HEAD
> git rev-parse master
> git rev-parse --symbolic-full-name master@{u}
fatal: no upstream configured for branch 'master'
> git for-each-ref --format %(refname) %(objectname) --sort -committerdate
> git remote --verbose
> git config --get commit.template
> git show :app/Http/Controllers/ahmed/email_controller.php
> git ls-files --stage -- /home/hadooop/Desktop/east_travels/easttravel/app/Http/Controllers/ahmed/email_controller.php
> git cat-file -s 61bed3b85e34066a97d40203c0eeb18394f83b47
> git show :app/Http/Controllers/ahmed/GalleryController.php
> git ls-files --stage -- /home/hadooop/Desktop/east_travels/easttravel/app/Http/Controllers/ahmed/GalleryController.php
> git cat-file -s b28620b40479494a37dbb95e3ffe5a1a54490700
> git status -z -u
> git symbolic-ref --short HEAD
> git rev-parse master
> git rev-parse --symbolic-full-name master@{u}
fatal: no upstream configured for branch 'master'
> git for-each-ref --format %(refname) %(objectname) --sort -committerdate
> git remote --verbose
> git config --get commit.template
> git show :app/Http/Controllers/ahmed/package_controller.php
> git ls-files --stage -- /home/hadooop/Desktop/east_travels/easttravel/app/Http/Controllers/ahmed/package_controller.php
> git cat-file -s 539223a5bb2f0961c588bdb982b530c284695cca
> git status -z -u
> git symbolic-ref --short HEAD
> git rev-parse master
> git rev-parse --symbolic-full-name master@{u}
fatal: no upstream configured for branch 'master'
> git for-each-ref --format %(refname) %(objectname) --sort -committerdate
> git remote --verbose
> git config --get commit.template
> git show :app/Http/Controllers/ahmed/SearchController.php
> git ls-files --stage -- /home/hadooop/Desktop/east_travels/easttravel/app/Http/Controllers/ahmed/SearchController.php
> git cat-file -s f0e59c3b288a82d47ed567d53d58784c3cab03b7
> git show :app/Http/Controllers/ahmed/ServiceController.php
> git ls-files --stage -- /home/hadooop/Desktop/east_travels/easttravel/app/Http/Controllers/ahmed/ServiceController.php
> git cat-file -s a9b7b0a1bc9a36dddc1cc3dbdb5175a25f510c40
> git show :app/Http/Controllers/ahmed/transfer_controller.php
> git ls-files --stage -- /home/hadooop/Desktop/east_travels/easttravel/app/Http/Controllers/ahmed/transfer_controller.php
> git cat-file -s 0ee4340688ba973995b230dc302f012ac7420c50
> git status -z -u
> git symbolic-ref --short HEAD
> git rev-parse master
> git rev-parse --symbolic-full-name master@{u}
fatal: no upstream configured for branch 'master'
> git for-each-ref --format %(refname) %(objectname) --sort -committerdate
> git remote --verbose
> git config --get commit.template
> git show :app/Http/Controllers/ahmed/websitebuilder.php
> git ls-files --stage -- /home/hadooop/Desktop/east_travels/easttravel/app/Http/Controllers/ahmed/websitebuilder.php
> git cat-file -s ae62a6e5002cc1aa54b384d5fbd8f1f9dded6253
