[2020-07-14 08:28:41.721] [exthost] [info] extension host started
[2020-07-14 08:28:41.897] [exthost] [info] ExtensionService#_doActivateExtension vscode.debug-auto-launch {"startup":true,"extensionId":{"value":"vscode.debug-auto-launch","_lower":"vscode.debug-auto-launch"},"activationEvent":"*"}
[2020-07-14 08:28:41.900] [exthost] [info] ExtensionService#loadCommonJSModule file:///usr/share/code/resources/app/extensions/debug-auto-launch/dist/extension
[2020-07-14 08:28:41.942] [exthost] [info] ExtensionService#_doActivateExtension vscode.emmet {"startup":true,"extensionId":{"value":"vscode.emmet","_lower":"vscode.emmet"},"activationEvent":"*"}
[2020-07-14 08:28:41.942] [exthost] [info] ExtensionService#loadCommonJSModule file:///usr/share/code/resources/app/extensions/emmet/dist/extension
[2020-07-14 08:28:42.044] [exthost] [info] ExtensionService#_doActivateExtension vscode.git {"startup":true,"extensionId":{"value":"vscode.git","_lower":"vscode.git"},"activationEvent":"*"}
[2020-07-14 08:28:42.049] [exthost] [info] ExtensionService#loadCommonJSModule file:///usr/share/code/resources/app/extensions/git/dist/main
[2020-07-14 08:28:42.233] [exthost] [info] ExtensionService#_doActivateExtension vscode.github-authentication {"startup":true,"extensionId":{"value":"vscode.github-authentication","_lower":"vscode.github-authentication"},"activationEvent":"*"}
[2020-07-14 08:28:42.234] [exthost] [info] ExtensionService#loadCommonJSModule file:///usr/share/code/resources/app/extensions/github-authentication/dist/extension.js
[2020-07-14 08:28:42.293] [exthost] [info] ExtensionService#_doActivateExtension vscode.merge-conflict {"startup":true,"extensionId":{"value":"vscode.merge-conflict","_lower":"vscode.merge-conflict"},"activationEvent":"*"}
[2020-07-14 08:28:42.294] [exthost] [info] ExtensionService#loadCommonJSModule file:///usr/share/code/resources/app/extensions/merge-conflict/dist/extension
[2020-07-14 08:28:42.321] [exthost] [info] ExtensionService#_doActivateExtension vscode.search-result {"startup":true,"extensionId":{"value":"vscode.search-result","_lower":"vscode.search-result"},"activationEvent":"*"}
[2020-07-14 08:28:42.321] [exthost] [info] ExtensionService#loadCommonJSModule file:///usr/share/code/resources/app/extensions/search-result/dist/extension.js
[2020-07-14 08:28:42.348] [exthost] [info] ExtensionService#_doActivateExtension vscode.vscode-account {"startup":true,"extensionId":{"value":"vscode.vscode-account","_lower":"vscode.vscode-account"},"activationEvent":"*"}
[2020-07-14 08:28:42.348] [exthost] [info] ExtensionService#loadCommonJSModule file:///usr/share/code/resources/app/extensions/vscode-account/dist/extension.js
[2020-07-14 08:28:42.394] [exthost] [info] ExtensionService#_doActivateExtension CoenraadS.bracket-pair-colorizer {"startup":true,"extensionId":{"value":"CoenraadS.bracket-pair-colorizer","_lower":"coenraads.bracket-pair-colorizer"},"activationEvent":"*"}
[2020-07-14 08:28:42.394] [exthost] [info] ExtensionService#loadCommonJSModule file:///home/hadooop/.vscode/extensions/coenraads.bracket-pair-colorizer-1.0.61/out/src/extension
[2020-07-14 08:28:43.301] [exthost] [info] ExtensionService#_doActivateExtension CoenraadS.bracket-pair-colorizer-2 {"startup":true,"extensionId":{"value":"CoenraadS.bracket-pair-colorizer-2","_lower":"coenraads.bracket-pair-colorizer-2"},"activationEvent":"*"}
[2020-07-14 08:28:43.301] [exthost] [info] ExtensionService#loadCommonJSModule file:///home/hadooop/.vscode/extensions/coenraads.bracket-pair-colorizer-2-0.2.0/out/src/extension
[2020-07-14 08:28:43.381] [exthost] [info] ExtensionService#_doActivateExtension dbaeumer.vscode-eslint {"startup":true,"extensionId":{"value":"dbaeumer.vscode-eslint","_lower":"dbaeumer.vscode-eslint"},"activationEvent":"*"}
[2020-07-14 08:28:43.382] [exthost] [info] ExtensionService#loadCommonJSModule file:///home/hadooop/.vscode/extensions/dbaeumer.vscode-eslint-2.1.6/client/out/extension
[2020-07-14 08:28:43.424] [exthost] [info] ExtensionService#_doActivateExtension DmitryDorofeev.empty-indent {"startup":true,"extensionId":{"value":"DmitryDorofeev.empty-indent","_lower":"dmitrydorofeev.empty-indent"},"activationEvent":"*"}
[2020-07-14 08:28:43.424] [exthost] [info] ExtensionService#loadCommonJSModule file:///home/hadooop/.vscode/extensions/dmitrydorofeev.empty-indent-0.2.0/out/extension
[2020-07-14 08:28:43.428] [exthost] [info] ExtensionService#_doActivateExtension esbenp.prettier-vscode {"startup":true,"extensionId":{"value":"esbenp.prettier-vscode","_lower":"esbenp.prettier-vscode"},"activationEvent":"*"}
[2020-07-14 08:28:43.428] [exthost] [info] ExtensionService#loadCommonJSModule file:///home/hadooop/.vscode/extensions/esbenp.prettier-vscode-5.1.3/dist/extension
[2020-07-14 08:28:43.745] [exthost] [info] ExtensionService#_doActivateExtension fabiospampinato.vscode-highlight {"startup":true,"extensionId":{"value":"fabiospampinato.vscode-highlight","_lower":"fabiospampinato.vscode-highlight"},"activationEvent":"*"}
[2020-07-14 08:28:43.745] [exthost] [info] ExtensionService#loadCommonJSModule file:///home/hadooop/.vscode/extensions/fabiospampinato.vscode-highlight-1.4.1/out/extension.js
[2020-07-14 08:28:43.801] [exthost] [info] ExtensionService#_doActivateExtension formulahendry.auto-close-tag {"startup":true,"extensionId":{"value":"formulahendry.auto-close-tag","_lower":"formulahendry.auto-close-tag"},"activationEvent":"*"}
[2020-07-14 08:28:43.801] [exthost] [info] ExtensionService#loadCommonJSModule file:///home/hadooop/.vscode/extensions/formulahendry.auto-close-tag-0.5.8/out/src/extension
[2020-07-14 08:28:43.804] [exthost] [info] ExtensionService#_doActivateExtension formulahendry.auto-rename-tag {"startup":true,"extensionId":{"value":"formulahendry.auto-rename-tag","_lower":"formulahendry.auto-rename-tag"},"activationEvent":"*"}
[2020-07-14 08:28:43.805] [exthost] [info] ExtensionService#loadCommonJSModule file:///home/hadooop/.vscode/extensions/formulahendry.auto-rename-tag-0.1.4/packages/extension/dist/extensionMain.js
[2020-07-14 08:28:43.874] [exthost] [info] ExtensionService#_doActivateExtension humy2833.ftp-simple {"startup":true,"extensionId":{"value":"humy2833.ftp-simple","_lower":"humy2833.ftp-simple"},"activationEvent":"*"}
[2020-07-14 08:28:43.875] [exthost] [info] ExtensionService#loadCommonJSModule file:///home/hadooop/.vscode/extensions/humy2833.ftp-simple-0.7.5/extension
[2020-07-14 08:28:45.521] [exthost] [info] ExtensionService#_doActivateExtension LAK132.indent-to-bracket {"startup":true,"extensionId":{"value":"LAK132.indent-to-bracket","_lower":"lak132.indent-to-bracket"},"activationEvent":"*"}
[2020-07-14 08:28:45.521] [exthost] [info] ExtensionService#loadCommonJSModule file:///home/hadooop/.vscode/extensions/lak132.indent-to-bracket-1.2.2/out/extension
[2020-07-14 08:28:45.561] [exthost] [info] ExtensionService#_doActivateExtension ritwickdey.LiveServer {"startup":true,"extensionId":{"value":"ritwickdey.LiveServer","_lower":"ritwickdey.liveserver"},"activationEvent":"*"}
[2020-07-14 08:28:45.561] [exthost] [info] ExtensionService#loadCommonJSModule file:///home/hadooop/.vscode/extensions/ritwickdey.liveserver-5.6.1/out/src/extension
[2020-07-14 08:28:49.626] [exthost] [info] ExtensionService#_doActivateExtension Zignd.html-css-class-completion {"startup":true,"extensionId":{"value":"Zignd.html-css-class-completion","_lower":"zignd.html-css-class-completion"},"activationEvent":"*"}
[2020-07-14 08:28:49.627] [exthost] [info] ExtensionService#loadCommonJSModule file:///home/hadooop/.vscode/extensions/zignd.html-css-class-completion-1.19.0/out/src/extension
[2020-07-14 08:28:53.946] [exthost] [info] ExtensionService#_doActivateExtension vscode.npm {"startup":true,"extensionId":{"value":"vscode.npm","_lower":"vscode.npm"},"activationEvent":"workspaceContains:package.json"}
[2020-07-14 08:28:53.946] [exthost] [info] ExtensionService#loadCommonJSModule file:///usr/share/code/resources/app/extensions/npm/dist/main
[2020-07-14 08:28:54.879] [exthost] [info] eager extensions activated
[2020-07-14 08:29:41.261] [exthost] [info] ExtensionService#_doActivateExtension vscode.php-language-features {"startup":false,"extensionId":{"value":"vscode.php-language-features","_lower":"vscode.php-language-features"},"activationEvent":"onLanguage:php"}
[2020-07-14 08:29:41.261] [exthost] [info] ExtensionService#loadCommonJSModule file:///usr/share/code/resources/app/extensions/php-language-features/dist/phpMain
[2020-07-14 08:29:41.285] [exthost] [info] ExtensionService#_doActivateExtension bmewburn.vscode-intelephense-client {"startup":false,"extensionId":{"value":"bmewburn.vscode-intelephense-client","_lower":"bmewburn.vscode-intelephense-client"},"activationEvent":"onLanguage:php"}
[2020-07-14 08:29:41.285] [exthost] [info] ExtensionService#loadCommonJSModule file:///home/hadooop/.vscode/extensions/bmewburn.vscode-intelephense-client-1.5.2/lib/extension
[2020-07-14 08:29:41.382] [exthost] [info] ExtensionService#_doActivateExtension ecmel.vscode-html-css {"startup":false,"extensionId":{"value":"ecmel.vscode-html-css","_lower":"ecmel.vscode-html-css"},"activationEvent":"onLanguage:php"}
[2020-07-14 08:29:41.382] [exthost] [info] ExtensionService#loadCommonJSModule file:///home/hadooop/.vscode/extensions/ecmel.vscode-html-css-0.2.3/dist/extension
[2020-07-14 08:29:41.572] [exthost] [info] ExtensionService#_doActivateExtension kokororin.vscode-phpfmt {"startup":false,"extensionId":{"value":"kokororin.vscode-phpfmt","_lower":"kokororin.vscode-phpfmt"},"activationEvent":"onLanguage:php"}
[2020-07-14 08:29:41.572] [exthost] [info] ExtensionService#loadCommonJSModule file:///home/hadooop/.vscode/extensions/kokororin.vscode-phpfmt-1.0.30/out/src/extension
[2020-07-14 08:29:41.755] [exthost] [info] ExtensionService#_doActivateExtension rifi2k.format-html-in-php {"startup":false,"extensionId":{"value":"rifi2k.format-html-in-php","_lower":"rifi2k.format-html-in-php"},"activationEvent":"onLanguage:php"}
[2020-07-14 08:29:41.755] [exthost] [info] ExtensionService#loadCommonJSModule file:///home/hadooop/.vscode/extensions/rifi2k.format-html-in-php-1.6.2/out/extension
[2020-07-14 08:29:41.997] [exthost] [info] ExtensionService#_doActivateExtension small.php-ci {"startup":false,"extensionId":{"value":"small.php-ci","_lower":"small.php-ci"},"activationEvent":"onLanguage:php"}
[2020-07-14 08:29:41.997] [exthost] [info] ExtensionService#loadCommonJSModule file:///home/hadooop/.vscode/extensions/small.php-ci-0.3.9/out/src/extension
[2020-07-14 08:33:24.167] [exthost] [info] ExtensionService#_doActivateExtension vscode.html-language-features {"startup":false,"extensionId":{"value":"vscode.html-language-features","_lower":"vscode.html-language-features"},"activationEvent":"onLanguage:html"}
[2020-07-14 08:33:24.168] [exthost] [info] ExtensionService#loadCommonJSModule file:///usr/share/code/resources/app/extensions/html-language-features/client/dist/htmlMain
[2020-07-14 08:33:24.230] [exthost] [info] ExtensionService#_doActivateExtension lonefy.vscode-JS-CSS-HTML-formatter {"startup":false,"extensionId":{"value":"lonefy.vscode-JS-CSS-HTML-formatter","_lower":"lonefy.vscode-js-css-html-formatter"},"activationEvent":"onLanguage:html"}
[2020-07-14 08:33:24.230] [exthost] [info] ExtensionService#loadCommonJSModule file:///home/hadooop/.vscode/extensions/lonefy.vscode-js-css-html-formatter-0.2.3/out/src/extension
[2020-07-14 08:41:36.830] [exthost] [info] ExtensionService#_doActivateExtension vscode.configuration-editing {"startup":false,"extensionId":{"value":"vscode.configuration-editing","_lower":"vscode.configuration-editing"},"activationEvent":"onLanguage:jsonc"}
[2020-07-14 08:41:36.831] [exthost] [info] ExtensionService#loadCommonJSModule file:///usr/share/code/resources/app/extensions/configuration-editing/dist/extension
[2020-07-14 08:41:36.900] [exthost] [info] ExtensionService#_doActivateExtension vscode.json-language-features {"startup":false,"extensionId":{"value":"vscode.json-language-features","_lower":"vscode.json-language-features"},"activationEvent":"onLanguage:jsonc"}
[2020-07-14 08:41:36.900] [exthost] [info] ExtensionService#loadCommonJSModule file:///usr/share/code/resources/app/extensions/json-language-features/client/dist/jsonMain
[2020-07-14 08:41:37.086] [exthost] [info] ExtensionService#_doActivateExtension vscode.typescript-language-features {"startup":false,"extensionId":{"value":"vscode.typescript-language-features","_lower":"vscode.typescript-language-features"},"activationEvent":"onLanguage:jsonc"}
[2020-07-14 08:41:37.086] [exthost] [info] ExtensionService#loadCommonJSModule file:///usr/share/code/resources/app/extensions/typescript-language-features/dist/extension
