[Info  - 8:04:57 AM] Initialising intelephense 1.5.2
[Info  - 8:04:57 AM] Reading state from /home/hadooop/Desktop/east_travels/localhost/easttravel/~/.vscode-root/User/workspaceStorage/200f56c493fdff63fa90d492bec9af8f/bmewburn.vscode-intelephense-client/1d46879d.
[Info  - 8:04:57 AM] Initialised in 3845 ms
[Warn  - 8:05:01 AM] file:///home/hadooop/Desktop/east_travels/localhost/easttravel/vendor/fzaninotto/faker/src/Faker/Provider/nl_BE/Text.php is over the maximum file size of 1000000 bytes.
[Info  - 8:05:01 AM] Indexing started.
[Info  - 8:05:03 AM] Indexing ended. 46 files indexed in 1s.
[Info  - 8:05:03 AM] Writing state to /home/hadooop/Desktop/east_travels/localhost/easttravel/~/.vscode-root/User/workspaceStorage/200f56c493fdff63fa90d492bec9af8f/bmewburn.vscode-intelephense-client/1d46879d.
[Info  - 8:05:05 AM] Wrote state in 1.9s.
[Info  - 8:09:42 AM] Indexing started.
[Info  - 8:09:43 AM] Indexing ended. 1 files indexed in 0s.
[Info  - 8:21:23 AM] Indexing started.
[Info  - 8:21:23 AM] Indexing ended. 1 files indexed in 0s.
[Info  - 8:23:14 AM] Indexing started.
[Info  - 8:23:14 AM] Indexing ended. 1 files indexed in 0s.
[Info  - 8:23:15 AM] Indexing started.
[Info  - 8:23:15 AM] Indexing ended. 1 files indexed in 0s.
[Info  - 8:23:46 AM] Indexing started.
[Info  - 8:23:46 AM] Indexing ended. 1 files indexed in 0s.
[Info  - 8:47:01 AM] Indexing started.
[Info  - 8:47:01 AM] Indexing ended. 1 files indexed in 0s.
[Info  - 8:47:15 AM] Indexing started.
[Info  - 8:47:16 AM] Indexing ended. 10 files indexed in 1s.
[Info  - 8:47:17 AM] Indexing started.
[Info  - 8:47:17 AM] Indexing ended. 3 files indexed in 0s.
[Info  - 8:47:22 AM] Indexing started.
[Info  - 8:47:22 AM] Indexing ended. 1 files indexed in 0s.
[Info  - 8:47:23 AM] Indexing started.
[Info  - 8:47:24 AM] Indexing ended. 1 files indexed in 0s.
[Info  - 8:47:59 AM] Indexing started.
[Info  - 8:47:59 AM] Indexing ended. 1 files indexed in 0s.
[Info  - 8:48:20 AM] Indexing started.
[Info  - 8:48:20 AM] Indexing ended. 1 files indexed in 0s.
[Info  - 8:48:21 AM] Indexing started.
[Info  - 8:48:21 AM] Indexing ended. 1 files indexed in 0s.
[Info  - 8:49:05 AM] Indexing started.
[Info  - 8:49:05 AM] Indexing ended. 1 files indexed in 0s.
[Info  - 8:49:06 AM] Indexing started.
[Info  - 8:49:07 AM] Indexing ended. 1 files indexed in 0s.
[Info  - 8:49:08 AM] Indexing started.
[Info  - 8:49:08 AM] Indexing ended. 1 files indexed in 0s.
[Info  - 8:49:30 AM] Indexing started.
[Info  - 8:49:30 AM] Indexing ended. 1 files indexed in 0s.
[Info  - 8:49:31 AM] Indexing started.
[Info  - 8:49:31 AM] Indexing ended. 1 files indexed in 0s.
[Info  - 8:50:44 AM] Indexing started.
[Info  - 8:50:44 AM] Indexing ended. 1 files indexed in 0s.
[Info  - 8:50:54 AM] Indexing started.
[Info  - 8:50:54 AM] Indexing ended. 1 files indexed in 0s.
[Info  - 8:51:46 AM] Indexing started.
[Info  - 8:51:46 AM] Indexing ended. 1 files indexed in 0s.
[Info  - 8:52:17 AM] Indexing started.
[Info  - 8:52:17 AM] Indexing ended. 3 files indexed in 0s.
[Info  - 8:52:17 AM] Indexing started.
[Info  - 8:52:18 AM] Indexing ended. 2 files indexed in 0s.
[Info  - 8:52:19 AM] Indexing started.
[Info  - 8:52:19 AM] Indexing ended. 1 files indexed in 0s.
[Info  - 8:52:25 AM] Indexing started.
[Info  - 8:52:26 AM] Indexing ended. 1 files indexed in 0s.
[Info  - 8:52:51 AM] Indexing started.
[Info  - 8:52:51 AM] Indexing ended. 1 files indexed in 0s.
[Info  - 8:52:52 AM] Indexing started.
[Info  - 8:52:52 AM] Indexing ended. 2 files indexed in 0s.
[Info  - 8:52:53 AM] Indexing started.
[Info  - 8:52:53 AM] Indexing ended. 1 files indexed in 0s.
[Info  - 8:52:59 AM] Indexing started.
[Info  - 8:52:59 AM] Indexing ended. 1 files indexed in 0s.
[Info  - 8:53:00 AM] Indexing started.
[Info  - 8:53:00 AM] Indexing ended. 1 files indexed in 0s.
[Info  - 8:53:08 AM] Indexing started.
[Info  - 8:53:08 AM] Indexing ended. 1 files indexed in 0s.
[Info  - 8:53:09 AM] Indexing started.
[Info  - 8:53:09 AM] Indexing ended. 1 files indexed in 0s.
[Info  - 8:54:43 AM] Indexing started.
[Info  - 8:54:43 AM] Indexing ended. 1 files indexed in 0s.
[Info  - 8:54:44 AM] Indexing started.
[Info  - 8:54:44 AM] Indexing ended. 1 files indexed in 0s.
[Info  - 8:55:24 AM] Indexing started.
[Info  - 8:55:25 AM] Indexing ended. 1 files indexed in 0s.
[Info  - 8:55:25 AM] Indexing started.
[Info  - 8:55:25 AM] Indexing ended. 4 files indexed in 0s.
[Info  - 8:55:26 AM] Indexing started.
[Info  - 8:55:27 AM] Indexing ended. 1 files indexed in 0s.
[Info  - 8:55:28 AM] Indexing started.
[Info  - 8:55:28 AM] Indexing ended. 1 files indexed in 0s.
[Info  - 9:22:32 AM] Indexing started.
[Info  - 9:22:33 AM] Indexing ended. 1 files indexed in 0s.
[Info  - 9:22:41 AM] Indexing started.
[Info  - 9:22:41 AM] Indexing ended. 1 files indexed in 0s.
[Info  - 9:22:48 AM] Indexing started.
[Info  - 9:22:48 AM] Indexing ended. 1 files indexed in 0s.
[Info  - 9:22:49 AM] Indexing started.
[Info  - 9:22:49 AM] Indexing ended. 1 files indexed in 0s.
[Info  - 9:22:51 AM] Indexing started.
[Info  - 9:22:51 AM] Indexing ended. 1 files indexed in 0s.
[Info  - 9:24:42 AM] Indexing started.
[Info  - 9:24:43 AM] Indexing ended. 1 files indexed in 0s.
[Info  - 9:24:48 AM] Indexing started.
[Info  - 9:24:48 AM] Indexing ended. 1 files indexed in 0s.
[Info  - 9:24:54 AM] Indexing started.
[Info  - 9:24:54 AM] Indexing ended. 1 files indexed in 0s.
[Info  - 9:25:03 AM] Indexing started.
[Info  - 9:25:03 AM] Indexing ended. 1 files indexed in 0s.
[Info  - 9:28:18 AM] Indexing started.
[Info  - 9:28:19 AM] Indexing ended. 1 files indexed in 0s.
[Info  - 9:28:28 AM] Indexing started.
[Info  - 9:28:29 AM] Indexing ended. 1 files indexed in 0s.
[Info  - 9:28:46 AM] Indexing started.
[Info  - 9:28:46 AM] Indexing ended. 1 files indexed in 0s.
[Info  - 9:29:22 AM] Indexing started.
[Info  - 9:29:22 AM] Indexing ended. 1 files indexed in 0s.
[Info  - 9:29:50 AM] Indexing started.
[Info  - 9:29:50 AM] Indexing ended. 1 files indexed in 0s.
[Info  - 9:30:36 AM] Indexing started.
[Info  - 9:30:37 AM] Indexing ended. 1 files indexed in 0s.
[Info  - 9:34:10 AM] Indexing started.
[Info  - 9:34:10 AM] Indexing ended. 1 files indexed in 0s.
[Info  - 9:34:13 AM] Indexing started.
[Info  - 9:34:14 AM] Indexing ended. 1 files indexed in 0s.
[Info  - 9:34:39 AM] Indexing started.
[Info  - 9:34:39 AM] Indexing ended. 1 files indexed in 0s.
[Info  - 9:34:40 AM] Indexing started.
[Info  - 9:34:40 AM] Indexing ended. 1 files indexed in 0s.
[Info  - 9:35:39 AM] Indexing started.
[Info  - 9:35:39 AM] Indexing ended. 1 files indexed in 0s.
[Info  - 9:35:40 AM] Indexing started.
[Info  - 9:35:40 AM] Indexing ended. 1 files indexed in 0s.
[Info  - 9:36:00 AM] Indexing started.
[Info  - 9:36:00 AM] Indexing ended. 1 files indexed in 0s.
[Info  - 9:36:01 AM] Indexing started.
[Info  - 9:36:01 AM] Indexing ended. 1 files indexed in 0s.
[Info  - 9:36:15 AM] Indexing started.
[Info  - 9:36:15 AM] Indexing ended. 1 files indexed in 0s.
[Info  - 9:36:17 AM] Indexing started.
[Info  - 9:36:17 AM] Indexing ended. 1 files indexed in 0s.
[Info  - 9:37:11 AM] Indexing started.
[Info  - 9:37:12 AM] Indexing ended. 1 files indexed in 0s.
[Info  - 9:37:12 AM] Indexing started.
[Info  - 9:37:12 AM] Indexing ended. 1 files indexed in 0s.
[Info  - 9:38:29 AM] Indexing started.
[Info  - 9:38:29 AM] Indexing ended. 1 files indexed in 0s.
[Info  - 9:38:30 AM] Indexing started.
[Info  - 9:38:30 AM] Indexing ended. 1 files indexed in 0s.
[Info  - 9:39:25 AM] Indexing started.
[Info  - 9:39:25 AM] Indexing ended. 1 files indexed in 0s.
[Info  - 9:40:51 AM] Indexing started.
[Info  - 9:40:52 AM] Indexing ended. 1 files indexed in 0s.
[Info  - 9:41:10 AM] Indexing started.
[Info  - 9:41:10 AM] Indexing ended. 1 files indexed in 0s.
[Info  - 9:41:11 AM] Indexing started.
[Info  - 9:41:11 AM] Indexing ended. 1 files indexed in 0s.
[Info  - 9:41:15 AM] Indexing started.
[Info  - 9:41:16 AM] Indexing ended. 1 files indexed in 0s.
[Info  - 9:41:27 AM] Indexing started.
[Info  - 9:41:27 AM] Indexing ended. 1 files indexed in 0s.
[Info  - 9:41:40 AM] Indexing started.
[Info  - 9:41:40 AM] Indexing ended. 1 files indexed in 0s.
[Info  - 9:41:40 AM] Indexing started.
[Info  - 9:41:40 AM] Indexing ended. 1 files indexed in 0s.
[Info  - 9:41:44 AM] Indexing started.
[Info  - 9:41:45 AM] Indexing ended. 1 files indexed in 0s.
[Info  - 9:41:45 AM] Indexing started.
[Info  - 9:41:46 AM] Indexing ended. 1 files indexed in 0s.
[Info  - 9:41:50 AM] Indexing started.
[Info  - 9:41:50 AM] Indexing ended. 1 files indexed in 0s.
[Info  - 9:42:27 AM] Indexing started.
[Info  - 9:42:27 AM] Indexing ended. 1 files indexed in 0s.
[Info  - 9:42:28 AM] Indexing started.
[Info  - 9:42:29 AM] Indexing ended. 1 files indexed in 0s.
[Info  - 9:42:29 AM] Indexing started.
[Info  - 9:42:29 AM] Indexing ended. 1 files indexed in 0s.
[Info  - 9:43:08 AM] Indexing started.
[Info  - 9:43:08 AM] Indexing ended. 1 files indexed in 0s.
[Info  - 9:43:14 AM] Indexing started.
[Info  - 9:43:15 AM] Indexing ended. 11 files indexed in 1s.
[Info  - 9:43:23 AM] Indexing started.
[Info  - 9:43:24 AM] Indexing ended. 1 files indexed in 0s.
[Info  - 9:43:24 AM] Indexing started.
[Info  - 9:43:25 AM] Indexing ended. 4 files indexed in 0s.
[Info  - 9:43:45 AM] Indexing started.
[Info  - 9:43:45 AM] Indexing ended. 1 files indexed in 0s.
[Info  - 9:44:10 AM] Indexing started.
[Info  - 9:44:10 AM] Indexing ended. 1 files indexed in 0s.
[Info  - 9:44:21 AM] Indexing started.
[Info  - 9:44:22 AM] Indexing ended. 1 files indexed in 0s.
[Info  - 9:44:22 AM] Indexing started.
[Info  - 9:44:22 AM] Indexing ended. 1 files indexed in 0s.
[Info  - 9:44:31 AM] Indexing started.
[Info  - 9:44:31 AM] Indexing ended. 1 files indexed in 0s.
[Info  - 9:44:32 AM] Indexing started.
[Info  - 9:44:32 AM] Indexing ended. 1 files indexed in 0s.
[Info  - 9:44:33 AM] Indexing started.
[Info  - 9:44:33 AM] Indexing ended. 1 files indexed in 0s.
[Info  - 9:46:28 AM] Indexing started.
[Info  - 9:46:28 AM] Indexing ended. 1 files indexed in 0s.
[Info  - 9:46:50 AM] Indexing started.
[Info  - 9:46:50 AM] Indexing ended. 1 files indexed in 0s.
[Info  - 9:47:23 AM] Indexing started.
[Info  - 9:47:23 AM] Indexing ended. 4 files indexed in 0s.
[Info  - 9:47:25 AM] Indexing started.
[Info  - 9:47:25 AM] Indexing ended. 1 files indexed in 0s.
[Info  - 9:48:11 AM] Indexing started.
[Info  - 9:48:11 AM] Indexing ended. 1 files indexed in 0s.
[Info  - 9:48:11 AM] Indexing started.
[Info  - 9:48:11 AM] Indexing ended. 1 files indexed in 0s.
[Info  - 9:48:19 AM] Indexing started.
[Info  - 9:48:19 AM] Indexing ended. 1 files indexed in 0s.
[Info  - 9:51:37 AM] Indexing started.
[Info  - 9:51:37 AM] Indexing ended. 1 files indexed in 0s.
[Info  - 9:51:37 AM] Indexing started.
[Info  - 9:51:37 AM] Indexing ended. 2 files indexed in 0s.
[Info  - 9:52:31 AM] Indexing started.
[Info  - 9:52:31 AM] Indexing ended. 1 files indexed in 0s.
[Info  - 9:52:32 AM] Indexing started.
[Info  - 9:52:33 AM] Indexing ended. 1 files indexed in 0s.
[Info  - 9:52:43 AM] Indexing started.
[Info  - 9:52:43 AM] Indexing ended. 1 files indexed in 0s.
[Info  - 9:52:43 AM] Indexing started.
[Info  - 9:52:44 AM] Indexing ended. 1 files indexed in 0s.
[Info  - 9:52:48 AM] Indexing started.
[Info  - 9:52:49 AM] Indexing ended. 1 files indexed in 0s.
[Info  - 9:52:49 AM] Indexing started.
[Info  - 9:52:49 AM] Indexing ended. 1 files indexed in 0s.
[Info  - 9:52:56 AM] Indexing started.
[Info  - 9:52:57 AM] Indexing ended. 1 files indexed in 0s.
[Info  - 9:53:05 AM] Indexing started.
[Info  - 9:53:05 AM] Indexing ended. 2 files indexed in 0s.
[Info  - 9:54:07 AM] Indexing started.
[Info  - 9:54:07 AM] Indexing ended. 1 files indexed in 0s.
[Info  - 9:54:56 AM] Indexing started.
[Info  - 9:54:56 AM] Indexing ended. 1 files indexed in 0s.
[Info  - 9:55:11 AM] Indexing started.
[Info  - 9:55:11 AM] Indexing ended. 1 files indexed in 0s.
[Info  - 9:55:19 AM] Indexing started.
[Info  - 9:55:19 AM] Indexing ended. 1 files indexed in 0s.
[Info  - 9:55:34 AM] Indexing started.
[Info  - 9:55:34 AM] Indexing ended. 1 files indexed in 0s.
[Info  - 9:56:06 AM] Indexing started.
[Info  - 9:56:06 AM] Indexing ended. 1 files indexed in 0s.
[Info  - 9:56:07 AM] Indexing started.
[Info  - 9:56:07 AM] Indexing ended. 1 files indexed in 0s.
[Info  - 9:56:14 AM] Indexing started.
[Info  - 9:56:14 AM] Indexing ended. 1 files indexed in 0s.
[Info  - 10:02:06 AM] Indexing started.
[Info  - 10:02:06 AM] Indexing ended. 1 files indexed in 0s.
[Info  - 10:02:07 AM] Indexing started.
[Info  - 10:02:07 AM] Indexing ended. 1 files indexed in 0s.
[Info  - 10:03:25 AM] Indexing started.
[Info  - 10:03:25 AM] Indexing ended. 1 files indexed in 0s.
[Info  - 10:03:25 AM] Indexing started.
[Info  - 10:03:26 AM] Indexing ended. 1 files indexed in 0s.
[Info  - 10:04:13 AM] Indexing started.
[Info  - 10:04:13 AM] Indexing ended. 1 files indexed in 0s.
[Info  - 10:04:13 AM] Indexing started.
[Info  - 10:04:13 AM] Indexing ended. 1 files indexed in 0s.
[Info  - 10:05:12 AM] Indexing started.
[Info  - 10:05:12 AM] Indexing ended. 5 files indexed in 0s.
[Info  - 10:05:13 AM] Indexing started.
[Info  - 10:05:13 AM] Indexing ended. 1 files indexed in 0s.
[Info  - 10:05:21 AM] Indexing started.
[Info  - 10:05:21 AM] Indexing ended. 1 files indexed in 0s.
[Info  - 10:07:25 AM] Indexing started.
[Info  - 10:07:25 AM] Indexing ended. 1 files indexed in 0s.
[Info  - 10:08:51 AM] Indexing started.
[Info  - 10:08:51 AM] Indexing ended. 1 files indexed in 0s.
[Info  - 10:08:51 AM] Indexing started.
[Info  - 10:08:51 AM] Indexing ended. 1 files indexed in 0s.
[Info  - 10:08:58 AM] Indexing started.
[Info  - 10:08:58 AM] Indexing ended. 1 files indexed in 0s.
[Info  - 10:09:00 AM] Indexing started.
[Info  - 10:09:01 AM] Indexing ended. 1 files indexed in 0s.
[Info  - 10:09:02 AM] Indexing started.
[Info  - 10:09:02 AM] Indexing ended. 1 files indexed in 0s.
[Info  - 10:12:25 AM] Indexing started.
[Info  - 10:12:25 AM] Indexing ended. 1 files indexed in 0s.
[Info  - 10:12:27 AM] Indexing started.
[Info  - 10:12:28 AM] Indexing ended. 7 files indexed in 0s.
[Info  - 10:12:35 AM] Indexing started.
[Info  - 10:12:35 AM] Indexing ended. 1 files indexed in 0s.
[Info  - 10:12:35 AM] Indexing started.
[Info  - 10:12:35 AM] Indexing ended. 3 files indexed in 0s.
[Info  - 10:12:37 AM] Indexing started.
[Info  - 10:12:37 AM] Indexing ended. 4 files indexed in 0s.
[Info  - 10:12:54 AM] Indexing started.
[Info  - 10:12:54 AM] Indexing ended. 1 files indexed in 0s.
[Info  - 10:12:54 AM] Indexing started.
[Info  - 10:12:55 AM] Indexing ended. 3 files indexed in 0s.
[Info  - 10:12:57 AM] Indexing started.
[Info  - 10:12:57 AM] Indexing ended. 1 files indexed in 0s.
[Info  - 10:16:41 AM] Indexing started.
[Info  - 10:16:41 AM] Indexing ended. 1 files indexed in 0s.
[Info  - 10:16:51 AM] Indexing started.
[Info  - 10:16:52 AM] Indexing ended. 1 files indexed in 0s.
[Info  - 10:16:52 AM] Indexing started.
[Info  - 10:16:52 AM] Indexing ended. 1 files indexed in 0s.
[Info  - 10:16:52 AM] Indexing started.
[Info  - 10:16:53 AM] Indexing ended. 2 files indexed in 0s.
[Info  - 10:17:26 AM] Indexing started.
[Info  - 10:17:26 AM] Indexing ended. 1 files indexed in 0s.
[Info  - 10:18:02 AM] Indexing started.
[Info  - 10:18:02 AM] Indexing ended. 1 files indexed in 0s.
[Info  - 10:18:24 AM] Indexing started.
[Info  - 10:18:24 AM] Indexing ended. 1 files indexed in 0s.
[Info  - 10:18:25 AM] Indexing started.
[Info  - 10:18:25 AM] Indexing ended. 1 files indexed in 0s.
[Info  - 10:18:37 AM] Indexing started.
[Info  - 10:18:37 AM] Indexing ended. 1 files indexed in 0s.
[Info  - 10:18:38 AM] Indexing started.
[Info  - 10:18:38 AM] Indexing ended. 1 files indexed in 0s.
[Info  - 10:18:38 AM] Indexing started.
[Info  - 10:18:38 AM] Indexing ended. 1 files indexed in 0s.
[Info  - 10:18:38 AM] Indexing started.
[Info  - 10:18:39 AM] Indexing ended. 1 files indexed in 0s.
[Info  - 10:18:39 AM] Indexing started.
[Info  - 10:18:39 AM] Indexing ended. 1 files indexed in 0s.
[Info  - 10:18:55 AM] Indexing started.
[Info  - 10:18:55 AM] Indexing ended. 3 files indexed in 0s.
[Info  - 10:21:38 AM] Indexing started.
[Info  - 10:21:38 AM] Indexing ended. 1 files indexed in 0s.
[Info  - 10:26:48 AM] Indexing started.
[Info  - 10:26:49 AM] Indexing ended. 1 files indexed in 0s.
[Info  - 10:27:13 AM] Indexing started.
[Info  - 10:27:13 AM] Indexing ended. 1 files indexed in 0s.
[Info  - 10:27:13 AM] Indexing started.
[Info  - 10:27:14 AM] Indexing ended. 1 files indexed in 0s.
[Info  - 10:27:44 AM] Indexing started.
[Info  - 10:27:45 AM] Indexing ended. 3 files indexed in 0s.
[Info  - 10:28:19 AM] Indexing started.
[Info  - 10:28:19 AM] Indexing ended. 1 files indexed in 0s.
[Info  - 10:28:19 AM] Indexing started.
[Info  - 10:28:20 AM] Indexing ended. 1 files indexed in 0s.
[Info  - 10:28:25 AM] Indexing started.
[Info  - 10:28:25 AM] Indexing ended. 3 files indexed in 0s.
[Info  - 10:28:26 AM] Indexing started.
[Info  - 10:28:26 AM] Indexing ended. 1 files indexed in 0s.
[Info  - 10:28:37 AM] Indexing started.
[Info  - 10:28:37 AM] Indexing ended. 2 files indexed in 0s.
[Info  - 10:28:38 AM] Indexing started.
[Info  - 10:28:38 AM] Indexing ended. 1 files indexed in 0s.
[Info  - 10:30:05 AM] Indexing started.
[Info  - 10:30:05 AM] Indexing ended. 4 files indexed in 0s.
[Info  - 10:31:50 AM] Indexing started.
[Info  - 10:31:50 AM] Indexing ended. 1 files indexed in 0s.
[Info  - 10:31:50 AM] Indexing started.
[Info  - 10:31:51 AM] Indexing ended. 1 files indexed in 0s.
[Info  - 10:31:51 AM] Indexing started.
[Info  - 10:31:51 AM] Indexing ended. 1 files indexed in 0s.
[Info  - 10:31:51 AM] Indexing started.
[Info  - 10:31:51 AM] Indexing ended. 1 files indexed in 0s.
[Info  - 10:32:13 AM] Indexing started.
[Info  - 10:32:13 AM] Indexing ended. 1 files indexed in 0s.
[Info  - 10:32:40 AM] Indexing started.
[Info  - 10:32:40 AM] Indexing ended. 1 files indexed in 0s.
[Info  - 10:33:05 AM] Indexing started.
[Info  - 10:33:05 AM] Indexing ended. 1 files indexed in 0s.
[Info  - 10:33:08 AM] Indexing started.
[Info  - 10:33:09 AM] Indexing ended. 1 files indexed in 0s.
[Info  - 10:33:10 AM] Indexing started.
[Info  - 10:33:10 AM] Indexing ended. 1 files indexed in 0s.
[Info  - 10:34:50 AM] Indexing started.
[Info  - 10:34:50 AM] Indexing ended. 1 files indexed in 0s.
[Info  - 10:34:50 AM] Indexing started.
[Info  - 10:34:51 AM] Indexing ended. 2 files indexed in 0s.
[Info  - 10:35:34 AM] Indexing started.
[Info  - 10:35:34 AM] Indexing ended. 6 files indexed in 0s.
[Info  - 10:36:26 AM] Indexing started.
[Info  - 10:36:26 AM] Indexing ended. 2 files indexed in 0s.
[Info  - 10:37:09 AM] Indexing started.
[Info  - 10:37:09 AM] Indexing ended. 1 files indexed in 0s.
[Info  - 10:38:06 AM] Indexing started.
[Info  - 10:38:06 AM] Indexing ended. 1 files indexed in 0s.
[Info  - 10:38:06 AM] Indexing started.
[Info  - 10:38:06 AM] Indexing ended. 1 files indexed in 0s.
[Info  - 10:38:18 AM] Indexing started.
[Info  - 10:38:19 AM] Indexing ended. 1 files indexed in 0s.
[Info  - 10:38:19 AM] Indexing started.
[Info  - 10:38:19 AM] Indexing ended. 1 files indexed in 0s.
[Info  - 10:38:59 AM] Indexing started.
[Info  - 10:38:59 AM] Indexing ended. 1 files indexed in 0s.
[Info  - 10:39:00 AM] Indexing started.
[Info  - 10:39:01 AM] Indexing ended. 1 files indexed in 0s.
[Info  - 10:39:08 AM] Indexing started.
[Info  - 10:39:08 AM] Indexing ended. 3 files indexed in 0s.
[Info  - 10:39:20 AM] Indexing started.
[Info  - 10:39:21 AM] Indexing ended. 3 files indexed in 0s.
[Info  - 10:39:24 AM] Indexing started.
[Info  - 10:39:24 AM] Indexing ended. 3 files indexed in 0s.
[Info  - 10:39:44 AM] Indexing started.
[Info  - 10:39:44 AM] Indexing ended. 2 files indexed in 0s.
[Info  - 10:39:52 AM] Indexing started.
[Info  - 10:39:52 AM] Indexing ended. 1 files indexed in 0s.
[Info  - 10:43:09 AM] Indexing started.
[Info  - 10:43:09 AM] Indexing ended. 1 files indexed in 0s.
[Info  - 10:43:20 AM] Indexing started.
[Info  - 10:43:21 AM] Indexing ended. 3 files indexed in 0s.
[Info  - 10:43:21 AM] Indexing started.
[Info  - 10:43:22 AM] Indexing ended. 1 files indexed in 0s.
[Info  - 10:44:15 AM] Indexing started.
[Info  - 10:44:15 AM] Indexing ended. 4 files indexed in 0s.
[Info  - 10:44:25 AM] Indexing started.
[Info  - 10:44:25 AM] Indexing ended. 1 files indexed in 0s.
[Info  - 10:44:40 AM] Indexing started.
[Info  - 10:44:40 AM] Indexing ended. 1 files indexed in 0s.
[Info  - 10:44:41 AM] Indexing started.
[Info  - 10:44:41 AM] Indexing ended. 1 files indexed in 0s.
[Info  - 10:44:45 AM] Indexing started.
[Info  - 10:44:45 AM] Indexing ended. 4 files indexed in 0s.
[Info  - 10:44:55 AM] Indexing started.
[Info  - 10:44:55 AM] Indexing ended. 4 files indexed in 0s.
[Info  - 10:46:57 AM] Indexing started.
[Info  - 10:46:57 AM] Indexing ended. 4 files indexed in 0s.
[Info  - 10:47:00 AM] Indexing started.
[Info  - 10:47:00 AM] Indexing ended. 4 files indexed in 0s.
[Info  - 10:48:30 AM] Indexing started.
[Info  - 10:48:30 AM] Indexing ended. 5 files indexed in 0s.
[Info  - 10:49:09 AM] Indexing started.
[Info  - 10:49:09 AM] Indexing ended. 1 files indexed in 0s.
[Info  - 10:49:15 AM] Indexing started.
[Info  - 10:49:15 AM] Indexing ended. 3 files indexed in 0s.
[Info  - 10:49:33 AM] Indexing started.
[Info  - 10:49:33 AM] Indexing ended. 5 files indexed in 0s.
[Info  - 10:49:33 AM] Indexing started.
[Info  - 10:49:33 AM] Indexing ended. 1 files indexed in 0s.
[Info  - 10:49:44 AM] Indexing started.
[Info  - 10:49:44 AM] Indexing ended. 1 files indexed in 0s.
[Info  - 10:49:44 AM] Indexing started.
[Info  - 10:49:44 AM] Indexing ended. 2 files indexed in 0s.
[Info  - 10:52:41 AM] Indexing started.
[Info  - 10:52:41 AM] Indexing ended. 1 files indexed in 0s.
[Info  - 10:52:46 AM] Indexing started.
[Info  - 10:52:46 AM] Indexing ended. 1 files indexed in 0s.
[Info  - 10:52:46 AM] Indexing started.
[Info  - 10:52:47 AM] Indexing ended. 1 files indexed in 0s.
[Info  - 10:53:10 AM] Indexing started.
[Info  - 10:53:11 AM] Indexing ended. 1 files indexed in 0s.
[Info  - 10:53:11 AM] Indexing started.
[Info  - 10:53:11 AM] Indexing ended. 2 files indexed in 0s.
[Info  - 10:53:18 AM] Indexing started.
[Info  - 10:53:18 AM] Indexing ended. 1 files indexed in 0s.
[Info  - 10:53:38 AM] Indexing started.
[Info  - 10:53:38 AM] Indexing ended. 1 files indexed in 0s.
[Info  - 10:53:39 AM] Indexing started.
[Info  - 10:53:39 AM] Indexing ended. 2 files indexed in 0s.
[Info  - 10:54:00 AM] Indexing started.
[Info  - 10:54:00 AM] Indexing ended. 5 files indexed in 0s.
[Info  - 10:54:02 AM] Indexing started.
[Info  - 10:54:03 AM] Indexing ended. 3 files indexed in 0s.
[Info  - 10:55:00 AM] Indexing started.
[Info  - 10:55:00 AM] Indexing ended. 1 files indexed in 0s.
[Info  - 10:56:56 AM] Indexing started.
[Info  - 10:56:57 AM] Indexing ended. 3 files indexed in 0s.
[Info  - 10:57:45 AM] Indexing started.
[Info  - 10:57:45 AM] Indexing ended. 1 files indexed in 0s.
[Info  - 10:57:45 AM] Indexing started.
[Info  - 10:57:46 AM] Indexing ended. 1 files indexed in 0s.
[Info  - 10:57:46 AM] Indexing started.
[Info  - 10:57:46 AM] Indexing ended. 1 files indexed in 0s.
[Info  - 11:01:25 AM] Indexing started.
[Info  - 11:01:25 AM] Indexing ended. 3 files indexed in 0s.
[Info  - 11:03:01 AM] Indexing started.
[Info  - 11:03:01 AM] Indexing ended. 1 files indexed in 0s.
[Info  - 11:03:01 AM] Indexing started.
[Info  - 11:03:01 AM] Indexing ended. 2 files indexed in 0s.
[Info  - 11:03:02 AM] Indexing started.
[Info  - 11:03:03 AM] Indexing ended. 1 files indexed in 0s.
[Info  - 11:03:17 AM] Indexing started.
[Info  - 11:03:17 AM] Indexing ended. 3 files indexed in 0s.
[Info  - 11:04:32 AM] Indexing started.
[Info  - 11:04:32 AM] Indexing ended. 3 files indexed in 0s.
[Info  - 11:05:17 AM] Indexing started.
[Info  - 11:05:17 AM] Indexing ended. 1 files indexed in 0s.
[Info  - 11:06:00 AM] Indexing started.
[Info  - 11:06:00 AM] Indexing ended. 1 files indexed in 0s.
[Info  - 11:07:56 AM] Indexing started.
[Info  - 11:07:56 AM] Indexing ended. 3 files indexed in 0s.
[Info  - 11:08:46 AM] Indexing started.
[Info  - 11:08:46 AM] Indexing ended. 1 files indexed in 0s.
[Info  - 11:08:47 AM] Indexing started.
[Info  - 11:08:47 AM] Indexing ended. 2 files indexed in 0s.
[Info  - 11:08:57 AM] Indexing started.
[Info  - 11:08:57 AM] Indexing ended. 1 files indexed in 0s.
[Info  - 11:09:06 AM] Indexing started.
[Info  - 11:09:07 AM] Indexing ended. 1 files indexed in 0s.
[Info  - 11:09:23 AM] Indexing started.
[Info  - 11:09:23 AM] Indexing ended. 1 files indexed in 0s.
[Info  - 11:10:09 AM] Indexing started.
[Info  - 11:10:09 AM] Indexing ended. 3 files indexed in 0s.
[Info  - 11:10:48 AM] Indexing started.
[Info  - 11:10:49 AM] Indexing ended. 6 files indexed in 0s.
[Info  - 11:10:51 AM] Indexing started.
[Info  - 11:10:51 AM] Indexing ended. 6 files indexed in 0s.
[Info  - 11:10:55 AM] Indexing started.
[Info  - 11:10:55 AM] Indexing ended. 1 files indexed in 0s.
[Info  - 11:11:10 AM] Indexing started.
[Info  - 11:11:10 AM] Indexing ended. 3 files indexed in 0s.
[Info  - 11:11:18 AM] Indexing started.
[Info  - 11:11:18 AM] Indexing ended. 4 files indexed in 0s.
[Info  - 11:11:26 AM] Indexing started.
[Info  - 11:11:27 AM] Indexing ended. 1 files indexed in 0s.
[Info  - 11:11:30 AM] Indexing started.
[Info  - 11:11:30 AM] Indexing ended. 4 files indexed in 0s.
[Info  - 11:11:43 AM] Indexing started.
[Info  - 11:11:43 AM] Indexing ended. 1 files indexed in 0s.
[Info  - 11:12:24 AM] Indexing started.
[Info  - 11:12:24 AM] Indexing ended. 2 files indexed in 0s.
[Info  - 11:12:54 AM] Indexing started.
[Info  - 11:12:55 AM] Indexing ended. 4 files indexed in 0s.
[Info  - 11:13:01 AM] Indexing started.
[Info  - 11:13:01 AM] Indexing ended. 4 files indexed in 0s.
[Info  - 11:14:00 AM] Indexing started.
[Info  - 11:14:00 AM] Indexing ended. 1 files indexed in 0s.
[Info  - 11:14:00 AM] Indexing started.
[Info  - 11:14:00 AM] Indexing ended. 2 files indexed in 0s.
[Info  - 11:14:06 AM] Indexing started.
[Info  - 11:14:06 AM] Indexing ended. 1 files indexed in 0s.
[Info  - 11:14:16 AM] Indexing started.
[Info  - 11:14:16 AM] Indexing ended. 1 files indexed in 0s.
[Info  - 11:14:55 AM] Indexing started.
[Info  - 11:14:55 AM] Indexing ended. 1 files indexed in 0s.
[Info  - 11:14:56 AM] Indexing started.
[Info  - 11:14:56 AM] Indexing ended. 4 files indexed in 0s.
[Info  - 11:15:07 AM] Indexing started.
[Info  - 11:15:07 AM] Indexing ended. 2 files indexed in 0s.
[Info  - 11:15:22 AM] Indexing started.
[Info  - 11:15:22 AM] Indexing ended. 1 files indexed in 0s.
[Info  - 11:17:12 AM] Indexing started.
[Info  - 11:17:12 AM] Indexing ended. 2 files indexed in 0s.
[Info  - 11:17:28 AM] Indexing started.
[Info  - 11:17:28 AM] Indexing ended. 2 files indexed in 0s.
[Info  - 11:18:22 AM] Indexing started.
[Info  - 11:18:22 AM] Indexing ended. 1 files indexed in 0s.
[Info  - 11:18:23 AM] Indexing started.
[Info  - 11:18:23 AM] Indexing ended. 1 files indexed in 0s.
[Info  - 11:19:00 AM] Indexing started.
[Info  - 11:19:00 AM] Indexing ended. 5 files indexed in 0s.
[Info  - 11:19:01 AM] Indexing started.
[Info  - 11:19:01 AM] Indexing ended. 1 files indexed in 0s.
[Info  - 11:19:12 AM] Indexing started.
[Info  - 11:19:13 AM] Indexing ended. 3 files indexed in 0s.
[Info  - 11:19:16 AM] Indexing started.
[Info  - 11:19:16 AM] Indexing ended. 2 files indexed in 0s.
[Info  - 11:19:27 AM] Indexing started.
[Info  - 11:19:27 AM] Indexing ended. 2 files indexed in 0s.
[Info  - 11:20:23 AM] Indexing started.
[Info  - 11:20:24 AM] Indexing ended. 1 files indexed in 0s.
[Info  - 11:20:35 AM] Indexing started.
[Info  - 11:20:35 AM] Indexing ended. 1 files indexed in 0s.
[Info  - 11:20:36 AM] Indexing started.
[Info  - 11:20:36 AM] Indexing ended. 4 files indexed in 0s.
[Info  - 11:20:46 AM] Indexing started.
[Info  - 11:20:46 AM] Indexing ended. 4 files indexed in 0s.
[Info  - 11:21:01 AM] Indexing started.
[Info  - 11:21:01 AM] Indexing ended. 3 files indexed in 0s.
[Info  - 11:21:12 AM] Indexing started.
[Info  - 11:21:12 AM] Indexing ended. 1 files indexed in 0s.
[Info  - 11:21:12 AM] Indexing started.
[Info  - 11:21:12 AM] Indexing ended. 3 files indexed in 0s.
[Info  - 11:21:36 AM] Indexing started.
[Info  - 11:21:36 AM] Indexing ended. 1 files indexed in 0s.
[Info  - 11:21:37 AM] Indexing started.
[Info  - 11:21:37 AM] Indexing ended. 5 files indexed in 0s.
[Info  - 11:23:02 AM] Indexing started.
[Info  - 11:23:02 AM] Indexing ended. 3 files indexed in 0s.
[Info  - 11:25:30 AM] Indexing started.
[Info  - 11:25:30 AM] Indexing ended. 1 files indexed in 0s.
[Info  - 11:25:36 AM] Indexing started.
[Info  - 11:25:37 AM] Indexing ended. 4 files indexed in 0s.
[Info  - 11:25:38 AM] Indexing started.
[Info  - 11:25:38 AM] Indexing ended. 2 files indexed in 0s.
[Info  - 11:25:39 AM] Indexing started.
[Info  - 11:25:39 AM] Indexing ended. 1 files indexed in 0s.
[Info  - 11:25:51 AM] Indexing started.
[Info  - 11:25:52 AM] Indexing ended. 2 files indexed in 0s.
[Info  - 11:25:55 AM] Indexing started.
[Info  - 11:25:55 AM] Indexing ended. 1 files indexed in 0s.
[Info  - 11:25:58 AM] Indexing started.
[Info  - 11:25:58 AM] Indexing ended. 1 files indexed in 0s.
[Info  - 11:25:58 AM] Indexing started.
[Info  - 11:25:58 AM] Indexing ended. 1 files indexed in 0s.
[Info  - 11:26:03 AM] Indexing started.
[Info  - 11:26:03 AM] Indexing ended. 1 files indexed in 0s.
[Info  - 11:26:03 AM] Indexing started.
[Info  - 11:26:04 AM] Indexing ended. 1 files indexed in 0s.
[Info  - 11:26:22 AM] Indexing started.
[Info  - 11:26:23 AM] Indexing ended. 3 files indexed in 0s.
[Info  - 11:26:30 AM] Indexing started.
[Info  - 11:26:31 AM] Indexing ended. 5 files indexed in 0s.
[Info  - 11:26:43 AM] Indexing started.
[Info  - 11:26:44 AM] Indexing ended. 3 files indexed in 0s.
[Info  - 11:26:57 AM] Indexing started.
[Info  - 11:26:57 AM] Indexing ended. 4 files indexed in 0s.
[Info  - 11:27:00 AM] Indexing started.
[Info  - 11:27:00 AM] Indexing ended. 4 files indexed in 0s.
[Info  - 11:27:18 AM] Indexing started.
[Info  - 11:27:18 AM] Indexing ended. 3 files indexed in 0s.
[Info  - 11:27:20 AM] Indexing started.
[Info  - 11:27:20 AM] Indexing ended. 3 files indexed in 0s.
[Info  - 11:29:15 AM] Indexing started.
[Info  - 11:29:15 AM] Indexing ended. 3 files indexed in 0s.
[Info  - 11:29:18 AM] Indexing started.
[Info  - 11:29:18 AM] Indexing ended. 7 files indexed in 0s.
[Info  - 11:29:19 AM] Indexing started.
[Info  - 11:29:19 AM] Indexing ended. 1 files indexed in 0s.
[Info  - 11:29:19 AM] Indexing started.
[Info  - 11:29:19 AM] Indexing ended. 1 files indexed in 0s.
[Info  - 11:29:20 AM] Indexing started.
[Info  - 11:29:20 AM] Indexing ended. 1 files indexed in 0s.
[Info  - 11:29:21 AM] Indexing started.
[Info  - 11:29:21 AM] Indexing ended. 1 files indexed in 0s.
[Info  - 11:33:14 AM] Indexing started.
[Info  - 11:33:14 AM] Indexing ended. 8 files indexed in 0s.
[Info  - 11:33:15 AM] Indexing started.
[Info  - 11:33:15 AM] Indexing ended. 4 files indexed in 0s.
[Info  - 11:33:29 AM] Indexing started.
[Info  - 11:33:30 AM] Indexing ended. 8 files indexed in 0s.
[Info  - 11:38:02 AM] Indexing started.
[Info  - 11:38:02 AM] Indexing ended. 1 files indexed in 0s.
[Info  - 11:38:08 AM] Indexing started.
[Info  - 11:38:08 AM] Indexing ended. 4 files indexed in 0s.
[Info  - 11:38:08 AM] Indexing started.
[Info  - 11:38:09 AM] Indexing ended. 1 files indexed in 0s.
[Info  - 11:38:20 AM] Indexing started.
[Info  - 11:38:20 AM] Indexing ended. 1 files indexed in 0s.
[Info  - 11:38:23 AM] Indexing started.
[Info  - 11:38:23 AM] Indexing ended. 4 files indexed in 0s.
[Info  - 11:38:29 AM] Indexing started.
[Info  - 11:38:29 AM] Indexing ended. 1 files indexed in 0s.
[Info  - 11:38:29 AM] Indexing started.
[Info  - 11:38:29 AM] Indexing ended. 1 files indexed in 0s.
[Info  - 11:38:31 AM] Indexing started.
[Info  - 11:38:31 AM] Indexing ended. 3 files indexed in 0s.
[Info  - 11:38:34 AM] Indexing started.
[Info  - 11:38:34 AM] Indexing ended. 1 files indexed in 0s.
[Info  - 11:40:11 AM] Indexing started.
[Info  - 11:40:12 AM] Indexing ended. 1 files indexed in 0s.
[Info  - 11:40:46 AM] Indexing started.
[Info  - 11:40:46 AM] Indexing ended. 5 files indexed in 0s.
[Info  - 11:40:49 AM] Indexing started.
[Info  - 11:40:49 AM] Indexing ended. 3 files indexed in 0s.
[Info  - 11:41:06 AM] Indexing started.
[Info  - 11:41:06 AM] Indexing ended. 3 files indexed in 0s.
[Info  - 11:41:19 AM] Indexing started.
[Info  - 11:41:20 AM] Indexing ended. 3 files indexed in 0s.
[Info  - 11:41:29 AM] Indexing started.
[Info  - 11:41:29 AM] Indexing ended. 4 files indexed in 0s.
[Info  - 11:41:30 AM] Indexing started.
[Info  - 11:41:30 AM] Indexing ended. 1 files indexed in 0s.
[Info  - 11:41:39 AM] Indexing started.
[Info  - 11:41:39 AM] Indexing ended. 5 files indexed in 0s.
[Info  - 11:41:40 AM] Indexing started.
[Info  - 11:41:40 AM] Indexing ended. 1 files indexed in 0s.
[Info  - 11:41:40 AM] Indexing started.
[Info  - 11:41:40 AM] Indexing ended. 1 files indexed in 0s.
[Info  - 11:41:41 AM] Indexing started.
[Info  - 11:41:41 AM] Indexing ended. 1 files indexed in 0s.
[Info  - 11:41:52 AM] Indexing started.
[Info  - 11:41:53 AM] Indexing ended. 5 files indexed in 0s.
[Info  - 11:41:56 AM] Indexing started.
[Info  - 11:41:56 AM] Indexing ended. 1 files indexed in 0s.
[Info  - 11:41:57 AM] Indexing started.
[Info  - 11:41:57 AM] Indexing ended. 3 files indexed in 0s.
[Info  - 11:42:10 AM] Indexing started.
[Info  - 11:42:10 AM] Indexing ended. 5 files indexed in 0s.
[Info  - 11:42:58 AM] Indexing started.
[Info  - 11:42:58 AM] Indexing ended. 3 files indexed in 0s.
[Info  - 11:43:50 AM] Indexing started.
[Info  - 11:43:50 AM] Indexing ended. 4 files indexed in 0s.
[Info  - 11:45:09 AM] Indexing started.
[Info  - 11:45:09 AM] Indexing ended. 1 files indexed in 0s.
[Info  - 11:45:10 AM] Indexing started.
[Info  - 11:45:10 AM] Indexing ended. 1 files indexed in 0s.
[Info  - 11:45:29 AM] Indexing started.
[Info  - 11:45:29 AM] Indexing ended. 1 files indexed in 0s.
[Info  - 11:45:30 AM] Indexing started.
[Info  - 11:45:30 AM] Indexing ended. 2 files indexed in 0s.
[Info  - 11:45:33 AM] Indexing started.
[Info  - 11:45:33 AM] Indexing ended. 2 files indexed in 0s.
[Info  - 11:45:34 AM] Indexing started.
[Info  - 11:45:34 AM] Indexing ended. 3 files indexed in 0s.
[Info  - 11:46:15 AM] Indexing started.
[Info  - 11:46:15 AM] Indexing ended. 4 files indexed in 0s.
[Info  - 11:46:20 AM] Indexing started.
[Info  - 11:46:20 AM] Indexing ended. 1 files indexed in 0s.
[Info  - 11:46:21 AM] Indexing started.
[Info  - 11:46:21 AM] Indexing ended. 2 files indexed in 0s.
[Info  - 11:46:27 AM] Indexing started.
[Info  - 11:46:28 AM] Indexing ended. 4 files indexed in 0s.
[Info  - 11:53:05 AM] Indexing started.
[Info  - 11:53:05 AM] Indexing ended. 1 files indexed in 0s.
[Info  - 11:53:25 AM] Indexing started.
[Info  - 11:53:25 AM] Indexing ended. 5 files indexed in 0s.
[Info  - 11:53:39 AM] Indexing started.
[Info  - 11:53:39 AM] Indexing ended. 1 files indexed in 0s.
[Info  - 11:53:39 AM] Indexing started.
[Info  - 11:53:39 AM] Indexing ended. 1 files indexed in 0s.
[Info  - 11:53:43 AM] Indexing started.
[Info  - 11:53:43 AM] Indexing ended. 3 files indexed in 0s.
[Info  - 11:53:51 AM] Indexing started.
[Info  - 11:53:51 AM] Indexing ended. 1 files indexed in 0s.
[Info  - 11:54:30 AM] Indexing started.
[Info  - 11:54:30 AM] Indexing ended. 2 files indexed in 0s.
[Info  - 11:54:35 AM] Indexing started.
[Info  - 11:54:36 AM] Indexing ended. 4 files indexed in 0s.
[Info  - 11:54:40 AM] Indexing started.
[Info  - 11:54:40 AM] Indexing ended. 4 files indexed in 0s.
[Info  - 11:54:44 AM] Indexing started.
[Info  - 11:54:44 AM] Indexing ended. 5 files indexed in 0s.
[Info  - 11:54:54 AM] Indexing started.
[Info  - 11:54:54 AM] Indexing ended. 1 files indexed in 0s.
[Info  - 11:55:07 AM] Indexing started.
[Info  - 11:55:07 AM] Indexing ended. 3 files indexed in 0s.
[Info  - 11:55:09 AM] Indexing started.
[Info  - 11:55:09 AM] Indexing ended. 5 files indexed in 0s.
[Info  - 11:55:12 AM] Indexing started.
[Info  - 11:55:12 AM] Indexing ended. 1 files indexed in 0s.
[Info  - 11:55:15 AM] Indexing started.
[Info  - 11:55:15 AM] Indexing ended. 1 files indexed in 0s.
[Info  - 11:58:58 AM] Indexing started.
[Info  - 11:58:58 AM] Indexing ended. 1 files indexed in 0s.
[Info  - 11:58:59 AM] Indexing started.
[Info  - 11:58:59 AM] Indexing ended. 1 files indexed in 0s.
[Info  - 11:59:38 AM] Indexing started.
[Info  - 11:59:38 AM] Indexing ended. 2 files indexed in 0s.
[Info  - 11:59:38 AM] Indexing started.
[Info  - 11:59:38 AM] Indexing ended. 1 files indexed in 0s.
[Info  - 11:59:41 AM] Indexing started.
[Info  - 11:59:41 AM] Indexing ended. 4 files indexed in 0s.
[Info  - 11:59:43 AM] Indexing started.
[Info  - 11:59:43 AM] Indexing ended. 1 files indexed in 0s.
[Info  - 11:59:58 AM] Indexing started.
[Info  - 11:59:58 AM] Indexing ended. 4 files indexed in 0s.
[Info  - 12:00:16 PM] Indexing started.
[Info  - 12:00:16 PM] Indexing ended. 6 files indexed in 0s.
[Info  - 12:00:29 PM] Indexing started.
[Info  - 12:00:29 PM] Indexing ended. 4 files indexed in 0s.
[Info  - 12:01:14 PM] Indexing started.
[Info  - 12:01:14 PM] Indexing ended. 3 files indexed in 0s.
[Info  - 12:02:06 PM] Indexing started.
[Info  - 12:02:06 PM] Indexing ended. 1 files indexed in 0s.
[Info  - 12:02:06 PM] Indexing started.
[Info  - 12:02:07 PM] Indexing ended. 2 files indexed in 0s.
[Info  - 12:02:15 PM] Indexing started.
[Info  - 12:02:15 PM] Indexing ended. 1 files indexed in 0s.
[Info  - 12:02:24 PM] Indexing started.
[Info  - 12:02:24 PM] Indexing ended. 2 files indexed in 0s.
[Info  - 12:03:13 PM] Indexing started.
[Info  - 12:03:13 PM] Indexing ended. 1 files indexed in 0s.
[Info  - 12:03:13 PM] Indexing started.
[Info  - 12:03:13 PM] Indexing ended. 1 files indexed in 0s.
[Info  - 12:04:05 PM] Indexing started.
[Info  - 12:04:05 PM] Indexing ended. 2 files indexed in 0s.
[Info  - 12:04:09 PM] Indexing started.
[Info  - 12:04:09 PM] Indexing ended. 1 files indexed in 0s.
[Info  - 12:04:34 PM] Indexing started.
[Info  - 12:04:35 PM] Indexing ended. 3 files indexed in 0s.
[Info  - 12:04:41 PM] Indexing started.
[Info  - 12:04:42 PM] Indexing ended. 1 files indexed in 0s.
[Info  - 12:04:43 PM] Indexing started.
[Info  - 12:04:43 PM] Indexing ended. 1 files indexed in 0s.
[Info  - 12:15:52 PM] Indexing started.
[Info  - 12:15:52 PM] Indexing ended. 1 files indexed in 0s.
[Info  - 12:15:53 PM] Indexing started.
[Info  - 12:15:53 PM] Indexing ended. 1 files indexed in 0s.
[Info  - 12:16:04 PM] Indexing started.
[Info  - 12:16:04 PM] Indexing ended. 4 files indexed in 0s.
[Info  - 12:16:15 PM] Indexing started.
[Info  - 12:16:15 PM] Indexing ended. 4 files indexed in 0s.
[Info  - 12:16:19 PM] Indexing started.
[Info  - 12:16:19 PM] Indexing ended. 1 files indexed in 0s.
[Info  - 12:16:40 PM] Indexing started.
[Info  - 12:16:40 PM] Indexing ended. 4 files indexed in 0s.
[Info  - 12:16:51 PM] Indexing started.
[Info  - 12:16:51 PM] Indexing ended. 2 files indexed in 0s.
[Info  - 12:16:52 PM] Indexing started.
[Info  - 12:16:52 PM] Indexing ended. 1 files indexed in 0s.
[Info  - 12:18:18 PM] Indexing started.
[Info  - 12:18:18 PM] Indexing ended. 2 files indexed in 0s.
[Info  - 12:18:42 PM] Indexing started.
[Info  - 12:18:42 PM] Indexing ended. 2 files indexed in 0s.
[Info  - 12:18:43 PM] Indexing started.
[Info  - 12:18:43 PM] Indexing ended. 1 files indexed in 0s.
[Info  - 12:19:12 PM] Indexing started.
[Info  - 12:19:12 PM] Indexing ended. 1 files indexed in 0s.
[Info  - 12:19:12 PM] Indexing started.
[Info  - 12:19:12 PM] Indexing ended. 2 files indexed in 0s.
[Info  - 12:19:12 PM] Indexing started.
[Info  - 12:19:13 PM] Indexing ended. 1 files indexed in 0s.
[Info  - 12:19:25 PM] Indexing started.
[Info  - 12:19:25 PM] Indexing ended. 2 files indexed in 0s.
[Info  - 12:19:28 PM] Indexing started.
[Info  - 12:19:29 PM] Indexing ended. 1 files indexed in 0s.
[Info  - 12:20:01 PM] Indexing started.
[Info  - 12:20:01 PM] Indexing ended. 3 files indexed in 0s.
[Info  - 12:20:02 PM] Indexing started.
[Info  - 12:20:03 PM] Indexing ended. 1 files indexed in 0s.
[Info  - 12:20:28 PM] Indexing started.
[Info  - 12:20:29 PM] Indexing ended. 3 files indexed in 0s.
[Info  - 12:20:30 PM] Indexing started.
[Info  - 12:20:30 PM] Indexing ended. 1 files indexed in 0s.
[Info  - 12:20:36 PM] Indexing started.
[Info  - 12:20:36 PM] Indexing ended. 3 files indexed in 0s.
[Info  - 12:20:47 PM] Indexing started.
[Info  - 12:20:47 PM] Indexing ended. 3 files indexed in 0s.
[Info  - 12:20:48 PM] Indexing started.
[Info  - 12:20:48 PM] Indexing ended. 2 files indexed in 0s.
[Info  - 12:21:13 PM] Indexing started.
[Info  - 12:21:13 PM] Indexing ended. 3 files indexed in 0s.
[Info  - 12:21:15 PM] Indexing started.
[Info  - 12:21:15 PM] Indexing ended. 1 files indexed in 0s.
[Info  - 12:21:27 PM] Indexing started.
[Info  - 12:21:27 PM] Indexing ended. 5 files indexed in 0s.
[Info  - 12:21:27 PM] Indexing started.
[Info  - 12:21:27 PM] Indexing ended. 2 files indexed in 0s.
[Info  - 12:21:43 PM] Indexing started.
[Info  - 12:21:43 PM] Indexing ended. 1 files indexed in 0s.
[Info  - 12:21:43 PM] Indexing started.
[Info  - 12:21:43 PM] Indexing ended. 1 files indexed in 0s.
[Info  - 12:21:57 PM] Indexing started.
[Info  - 12:21:57 PM] Indexing ended. 1 files indexed in 0s.
[Info  - 12:21:58 PM] Indexing started.
[Info  - 12:21:58 PM] Indexing ended. 2 files indexed in 0s.
[Info  - 12:22:21 PM] Indexing started.
[Info  - 12:22:21 PM] Indexing ended. 3 files indexed in 0s.
[Info  - 12:22:39 PM] Indexing started.
[Info  - 12:22:39 PM] Indexing ended. 4 files indexed in 0s.
[Info  - 12:22:40 PM] Indexing started.
[Info  - 12:22:40 PM] Indexing ended. 1 files indexed in 0s.
[Info  - 12:22:41 PM] Indexing started.
[Info  - 12:22:41 PM] Indexing ended. 2 files indexed in 0s.
[Info  - 12:23:32 PM] Indexing started.
[Info  - 12:23:33 PM] Indexing ended. 1 files indexed in 0s.
[Info  - 12:23:33 PM] Indexing started.
[Info  - 12:23:33 PM] Indexing ended. 2 files indexed in 0s.
[Info  - 12:23:55 PM] Indexing started.
[Info  - 12:23:55 PM] Indexing ended. 1 files indexed in 0s.
[Info  - 12:25:34 PM] Indexing started.
[Info  - 12:25:34 PM] Indexing ended. 1 files indexed in 0s.
[Info  - 12:25:43 PM] Indexing started.
[Info  - 12:25:43 PM] Indexing ended. 1 files indexed in 0s.
[Info  - 12:25:59 PM] Indexing started.
[Info  - 12:25:59 PM] Indexing ended. 3 files indexed in 0s.
[Info  - 12:26:01 PM] Indexing started.
[Info  - 12:26:01 PM] Indexing ended. 1 files indexed in 0s.
[Info  - 12:30:25 PM] Indexing started.
[Info  - 12:30:26 PM] Indexing ended. 2 files indexed in 0s.
[Info  - 12:30:42 PM] Indexing started.
[Info  - 12:30:42 PM] Indexing ended. 1 files indexed in 0s.
[Info  - 12:30:52 PM] Indexing started.
[Info  - 12:30:52 PM] Indexing ended. 1 files indexed in 0s.
[Info  - 12:30:53 PM] Indexing started.
[Info  - 12:30:53 PM] Indexing ended. 4 files indexed in 0s.
[Info  - 12:31:00 PM] Indexing started.
[Info  - 12:31:00 PM] Indexing ended. 4 files indexed in 0s.
[Info  - 12:31:08 PM] Indexing started.
[Info  - 12:31:08 PM] Indexing ended. 4 files indexed in 0s.
[Info  - 12:31:13 PM] Indexing started.
[Info  - 12:31:13 PM] Indexing ended. 1 files indexed in 0s.
[Info  - 12:31:53 PM] Indexing started.
[Info  - 12:31:53 PM] Indexing ended. 1 files indexed in 0s.
[Info  - 12:33:11 PM] Indexing started.
[Info  - 12:33:11 PM] Indexing ended. 4 files indexed in 0s.
[Info  - 12:33:12 PM] Indexing started.
[Info  - 12:33:13 PM] Indexing ended. 1 files indexed in 0s.
[Info  - 12:35:11 PM] Indexing started.
[Info  - 12:35:11 PM] Indexing ended. 6 files indexed in 0s.
[Info  - 12:35:15 PM] Indexing started.
[Info  - 12:35:15 PM] Indexing ended. 1 files indexed in 0s.
[Info  - 12:35:36 PM] Indexing started.
[Info  - 12:35:36 PM] Indexing ended. 3 files indexed in 0s.
[Info  - 12:35:39 PM] Indexing started.
[Info  - 12:35:39 PM] Indexing ended. 1 files indexed in 0s.
[Info  - 12:36:09 PM] Indexing started.
[Info  - 12:36:09 PM] Indexing ended. 5 files indexed in 0s.
[Info  - 12:36:10 PM] Indexing started.
[Info  - 12:36:10 PM] Indexing ended. 1 files indexed in 0s.
[Info  - 12:36:22 PM] Indexing started.
[Info  - 12:36:22 PM] Indexing ended. 1 files indexed in 0s.
[Info  - 12:36:23 PM] Indexing started.
[Info  - 12:36:24 PM] Indexing ended. 1 files indexed in 0s.
[Info  - 12:36:34 PM] Indexing started.
[Info  - 12:36:34 PM] Indexing ended. 3 files indexed in 0s.
[Info  - 12:36:35 PM] Indexing started.
[Info  - 12:36:35 PM] Indexing ended. 1 files indexed in 0s.
[Info  - 12:36:36 PM] Indexing started.
[Info  - 12:36:36 PM] Indexing ended. 1 files indexed in 0s.
[Info  - 12:37:02 PM] Indexing started.
[Info  - 12:37:02 PM] Indexing ended. 1 files indexed in 0s.
[Info  - 12:38:03 PM] Indexing started.
[Info  - 12:38:03 PM] Indexing ended. 1 files indexed in 0s.
[Info  - 12:38:36 PM] Indexing started.
[Info  - 12:38:36 PM] Indexing ended. 4 files indexed in 0s.
[Info  - 12:38:44 PM] Indexing started.
[Info  - 12:38:45 PM] Indexing ended. 3 files indexed in 0s.
[Info  - 12:38:45 PM] Indexing started.
[Info  - 12:38:45 PM] Indexing ended. 1 files indexed in 0s.
[Info  - 12:38:48 PM] Indexing started.
[Info  - 12:38:48 PM] Indexing ended. 1 files indexed in 0s.
[Info  - 12:39:10 PM] Indexing started.
[Info  - 12:39:10 PM] Indexing ended. 6 files indexed in 0s.
[Info  - 12:39:11 PM] Indexing started.
[Info  - 12:39:12 PM] Indexing ended. 1 files indexed in 0s.
[Info  - 12:39:29 PM] Indexing started.
[Info  - 12:39:29 PM] Indexing ended. 3 files indexed in 0s.
[Info  - 12:39:31 PM] Indexing started.
[Info  - 12:39:31 PM] Indexing ended. 1 files indexed in 0s.
[Info  - 12:41:31 PM] Indexing started.
[Info  - 12:41:31 PM] Indexing ended. 1 files indexed in 0s.
[Info  - 12:42:19 PM] Indexing started.
[Info  - 12:42:19 PM] Indexing ended. 2 files indexed in 0s.
[Info  - 12:42:20 PM] Indexing started.
[Info  - 12:42:21 PM] Indexing ended. 2 files indexed in 0s.
[Info  - 12:42:25 PM] Indexing started.
[Info  - 12:42:25 PM] Indexing ended. 1 files indexed in 0s.
[Info  - 12:42:43 PM] Indexing started.
[Info  - 12:42:44 PM] Indexing ended. 3 files indexed in 0s.
[Info  - 12:42:45 PM] Indexing started.
[Info  - 12:42:45 PM] Indexing ended. 1 files indexed in 0s.
[Info  - 12:43:00 PM] Indexing started.
[Info  - 12:43:01 PM] Indexing ended. 2 files indexed in 0s.
[Info  - 12:43:02 PM] Indexing started.
[Info  - 12:43:02 PM] Indexing ended. 1 files indexed in 0s.
[Info  - 12:44:02 PM] Indexing started.
[Info  - 12:44:02 PM] Indexing ended. 4 files indexed in 0s.
[Info  - 12:44:04 PM] Indexing started.
[Info  - 12:44:04 PM] Indexing ended. 1 files indexed in 0s.
[Info  - 12:44:15 PM] Indexing started.
[Info  - 12:44:16 PM] Indexing ended. 1 files indexed in 0s.
[Info  - 12:44:28 PM] Indexing started.
[Info  - 12:44:28 PM] Indexing ended. 1 files indexed in 0s.
[Info  - 12:44:29 PM] Indexing started.
[Info  - 12:44:29 PM] Indexing ended. 1 files indexed in 0s.
[Info  - 12:44:31 PM] Indexing started.
[Info  - 12:44:32 PM] Indexing ended. 1 files indexed in 0s.
[Info  - 12:45:51 PM] Indexing started.
[Info  - 12:45:51 PM] Indexing ended. 3 files indexed in 0s.
[Info  - 12:46:24 PM] Indexing started.
[Info  - 12:46:24 PM] Indexing ended. 4 files indexed in 0s.
[Info  - 12:46:28 PM] Indexing started.
[Info  - 12:46:28 PM] Indexing ended. 1 files indexed in 0s.
[Info  - 12:48:18 PM] Indexing started.
[Info  - 12:48:18 PM] Indexing ended. 4 files indexed in 0s.
[Info  - 12:48:21 PM] Indexing started.
[Info  - 12:48:22 PM] Indexing ended. 1 files indexed in 0s.
[Info  - 12:48:34 PM] Indexing started.
[Info  - 12:48:34 PM] Indexing ended. 4 files indexed in 0s.
[Info  - 12:48:36 PM] Indexing started.
[Info  - 12:48:36 PM] Indexing ended. 3 files indexed in 0s.
[Info  - 12:48:38 PM] Indexing started.
[Info  - 12:48:38 PM] Indexing ended. 3 files indexed in 0s.
[Info  - 12:48:39 PM] Indexing started.
[Info  - 12:48:39 PM] Indexing ended. 1 files indexed in 0s.
[Info  - 12:48:54 PM] Indexing started.
[Info  - 12:48:54 PM] Indexing ended. 1 files indexed in 0s.
[Info  - 12:49:48 PM] Indexing started.
[Info  - 12:49:48 PM] Indexing ended. 2 files indexed in 0s.
[Info  - 12:50:02 PM] Indexing started.
[Info  - 12:50:02 PM] Indexing ended. 2 files indexed in 0s.
[Info  - 12:50:05 PM] Indexing started.
[Info  - 12:50:05 PM] Indexing ended. 6 files indexed in 0s.
[Info  - 12:50:09 PM] Indexing started.
[Info  - 12:50:09 PM] Indexing ended. 1 files indexed in 0s.
[Info  - 12:50:21 PM] Indexing started.
[Info  - 12:50:21 PM] Indexing ended. 1 files indexed in 0s.
[Info  - 12:50:30 PM] Indexing started.
[Info  - 12:50:31 PM] Indexing ended. 4 files indexed in 0s.
[Info  - 12:50:32 PM] Indexing started.
[Info  - 12:50:32 PM] Indexing ended. 3 files indexed in 0s.
[Info  - 12:51:16 PM] Indexing started.
[Info  - 12:51:17 PM] Indexing ended. 1 files indexed in 0s.
[Info  - 12:51:26 PM] Indexing started.
[Info  - 12:51:26 PM] Indexing ended. 1 files indexed in 0s.
[Info  - 12:51:27 PM] Indexing started.
[Info  - 12:51:27 PM] Indexing ended. 1 files indexed in 0s.
[Info  - 12:51:56 PM] Indexing started.
[Info  - 12:51:57 PM] Indexing ended. 1 files indexed in 0s.
[Info  - 12:52:22 PM] Indexing started.
[Info  - 12:52:23 PM] Indexing ended. 3 files indexed in 0s.
[Info  - 12:52:25 PM] Indexing started.
[Info  - 12:52:25 PM] Indexing ended. 1 files indexed in 0s.
[Info  - 12:52:45 PM] Indexing started.
[Info  - 12:52:45 PM] Indexing ended. 4 files indexed in 0s.
[Info  - 12:52:46 PM] Indexing started.
[Info  - 12:52:46 PM] Indexing ended. 1 files indexed in 0s.
[Info  - 12:52:51 PM] Indexing started.
[Info  - 12:52:51 PM] Indexing ended. 1 files indexed in 0s.
[Info  - 12:53:12 PM] Indexing started.
[Info  - 12:53:13 PM] Indexing ended. 1 files indexed in 0s.
[Info  - 12:53:13 PM] Indexing started.
[Info  - 12:53:13 PM] Indexing ended. 2 files indexed in 0s.
[Info  - 12:53:25 PM] Indexing started.
[Info  - 12:53:26 PM] Indexing ended. 2 files indexed in 0s.
[Info  - 12:53:28 PM] Indexing started.
[Info  - 12:53:28 PM] Indexing ended. 1 files indexed in 0s.
[Info  - 12:54:18 PM] Indexing started.
[Info  - 12:54:18 PM] Indexing ended. 1 files indexed in 0s.
[Info  - 12:54:18 PM] Indexing started.
[Info  - 12:54:18 PM] Indexing ended. 1 files indexed in 0s.
[Info  - 12:54:24 PM] Indexing started.
[Info  - 12:54:24 PM] Indexing ended. 1 files indexed in 0s.
[Info  - 12:54:26 PM] Indexing started.
[Info  - 12:54:26 PM] Indexing ended. 3 files indexed in 0s.
[Info  - 12:54:29 PM] Indexing started.
[Info  - 12:54:29 PM] Indexing ended. 1 files indexed in 0s.
[Info  - 12:54:42 PM] Indexing started.
[Info  - 12:54:42 PM] Indexing ended. 4 files indexed in 0s.
[Info  - 12:54:59 PM] Indexing started.
[Info  - 12:54:59 PM] Indexing ended. 1 files indexed in 0s.
[Info  - 12:57:24 PM] Indexing started.
[Info  - 12:57:24 PM] Indexing ended. 2 files indexed in 0s.
[Info  - 12:57:53 PM] Indexing started.
[Info  - 12:57:53 PM] Indexing ended. 1 files indexed in 0s.
[Info  - 12:58:12 PM] Indexing started.
[Info  - 12:58:12 PM] Indexing ended. 4 files indexed in 0s.
[Info  - 12:58:35 PM] Indexing started.
[Info  - 12:58:36 PM] Indexing ended. 3 files indexed in 0s.
[Info  - 12:59:04 PM] Indexing started.
[Info  - 12:59:04 PM] Indexing ended. 6 files indexed in 0s.
[Info  - 12:59:47 PM] Indexing started.
[Info  - 12:59:48 PM] Indexing ended. 1 files indexed in 0s.
[Info  - 12:59:50 PM] Indexing started.
[Info  - 12:59:50 PM] Indexing ended. 1 files indexed in 0s.
[Info  - 12:59:57 PM] Indexing started.
[Info  - 12:59:57 PM] Indexing ended. 1 files indexed in 0s.
[Info  - 12:59:58 PM] Indexing started.
[Info  - 12:59:59 PM] Indexing ended. 1 files indexed in 0s.
[Info  - 1:00:28 PM] Indexing started.
[Info  - 1:00:28 PM] Indexing ended. 4 files indexed in 0s.
[Info  - 1:00:40 PM] Indexing started.
[Info  - 1:00:41 PM] Indexing ended. 5 files indexed in 0s.
[Info  - 1:00:42 PM] Indexing started.
[Info  - 1:00:42 PM] Indexing ended. 1 files indexed in 0s.
[Info  - 1:00:51 PM] Indexing started.
[Info  - 1:00:51 PM] Indexing ended. 1 files indexed in 0s.
[Info  - 1:01:14 PM] Indexing started.
[Info  - 1:01:14 PM] Indexing ended. 1 files indexed in 0s.
[Info  - 1:01:45 PM] Indexing started.
[Info  - 1:01:45 PM] Indexing ended. 1 files indexed in 0s.
[Info  - 1:01:56 PM] Indexing started.
[Info  - 1:01:56 PM] Indexing ended. 1 files indexed in 0s.
[Info  - 1:02:00 PM] Indexing started.
[Info  - 1:02:00 PM] Indexing ended. 1 files indexed in 0s.
[Info  - 1:02:45 PM] Indexing started.
[Info  - 1:02:45 PM] Indexing ended. 1 files indexed in 0s.
[Info  - 1:02:46 PM] Indexing started.
[Info  - 1:02:47 PM] Indexing ended. 1 files indexed in 0s.
[Info  - 1:07:45 PM] Indexing started.
[Info  - 1:07:45 PM] Indexing ended. 5 files indexed in 0s.
[Info  - 1:07:48 PM] Indexing started.
[Info  - 1:07:48 PM] Indexing ended. 1 files indexed in 0s.
[Info  - 1:08:30 PM] Indexing started.
[Info  - 1:08:30 PM] Indexing ended. 4 files indexed in 0s.
[Info  - 1:08:31 PM] Indexing started.
[Info  - 1:08:31 PM] Indexing ended. 1 files indexed in 0s.
[Info  - 1:08:37 PM] Indexing started.
[Info  - 1:08:37 PM] Indexing ended. 4 files indexed in 0s.
[Info  - 1:08:40 PM] Indexing started.
[Info  - 1:08:40 PM] Indexing ended. 1 files indexed in 0s.
[Info  - 1:08:59 PM] Indexing started.
[Info  - 1:09:00 PM] Indexing ended. 4 files indexed in 0s.
[Info  - 1:09:01 PM] Indexing started.
[Info  - 1:09:01 PM] Indexing ended. 1 files indexed in 0s.
[Info  - 1:10:05 PM] Indexing started.
[Info  - 1:10:06 PM] Indexing ended. 2 files indexed in 0s.
[Info  - 1:10:16 PM] Indexing started.
[Info  - 1:10:16 PM] Indexing ended. 1 files indexed in 0s.
[Info  - 1:11:18 PM] Indexing started.
[Info  - 1:11:18 PM] Indexing ended. 3 files indexed in 0s.
[Info  - 1:11:20 PM] Indexing started.
[Info  - 1:11:20 PM] Indexing ended. 1 files indexed in 0s.
[Info  - 1:11:28 PM] Indexing started.
[Info  - 1:11:28 PM] Indexing ended. 3 files indexed in 0s.
[Info  - 1:11:29 PM] Indexing started.
[Info  - 1:11:30 PM] Indexing ended. 1 files indexed in 0s.
[Info  - 1:11:42 PM] Indexing started.
[Info  - 1:11:43 PM] Indexing ended. 2 files indexed in 0s.
[Info  - 1:11:43 PM] Indexing started.
[Info  - 1:11:43 PM] Indexing ended. 1 files indexed in 0s.
[Info  - 1:11:45 PM] Indexing started.
[Info  - 1:11:46 PM] Indexing ended. 3 files indexed in 0s.
[Info  - 1:11:46 PM] Indexing started.
[Info  - 1:11:47 PM] Indexing ended. 1 files indexed in 0s.
[Info  - 1:11:56 PM] Indexing started.
[Info  - 1:11:57 PM] Indexing ended. 3 files indexed in 0s.
[Info  - 1:11:58 PM] Indexing started.
[Info  - 1:11:58 PM] Indexing ended. 1 files indexed in 0s.
[Info  - 1:12:10 PM] Indexing started.
[Info  - 1:12:10 PM] Indexing ended. 3 files indexed in 0s.
[Info  - 1:12:12 PM] Indexing started.
[Info  - 1:12:12 PM] Indexing ended. 1 files indexed in 0s.
[Info  - 1:12:36 PM] Indexing started.
[Info  - 1:12:36 PM] Indexing ended. 2 files indexed in 0s.
[Info  - 1:12:36 PM] Indexing started.
[Info  - 1:12:37 PM] Indexing ended. 1 files indexed in 0s.
[Info  - 1:12:50 PM] Indexing started.
[Info  - 1:12:50 PM] Indexing ended. 3 files indexed in 0s.
[Info  - 1:12:53 PM] Indexing started.
[Info  - 1:12:53 PM] Indexing ended. 1 files indexed in 0s.
[Info  - 1:12:56 PM] Indexing started.
[Info  - 1:12:56 PM] Indexing ended. 1 files indexed in 0s.
[Info  - 1:12:56 PM] Indexing started.
[Info  - 1:12:56 PM] Indexing ended. 1 files indexed in 0s.
[Info  - 1:12:58 PM] Indexing started.
[Info  - 1:12:58 PM] Indexing ended. 3 files indexed in 0s.
[Info  - 1:13:26 PM] Indexing started.
[Info  - 1:13:26 PM] Indexing ended. 4 files indexed in 0s.
[Info  - 1:13:27 PM] Indexing started.
[Info  - 1:13:27 PM] Indexing ended. 1 files indexed in 0s.
[Info  - 1:13:44 PM] Indexing started.
[Info  - 1:13:44 PM] Indexing ended. 3 files indexed in 0s.
[Info  - 1:13:45 PM] Indexing started.
[Info  - 1:13:45 PM] Indexing ended. 1 files indexed in 0s.
[Info  - 1:14:25 PM] Indexing started.
[Info  - 1:14:25 PM] Indexing ended. 4 files indexed in 0s.
[Info  - 1:16:25 PM] Indexing started.
[Info  - 1:16:25 PM] Indexing ended. 1 files indexed in 0s.
[Info  - 1:16:26 PM] Indexing started.
[Info  - 1:16:27 PM] Indexing ended. 1 files indexed in 0s.
[Info  - 1:16:55 PM] Indexing started.
[Info  - 1:16:55 PM] Indexing ended. 1 files indexed in 0s.
[Info  - 1:16:56 PM] Indexing started.
[Info  - 1:16:56 PM] Indexing ended. 3 files indexed in 0s.
[Info  - 1:16:57 PM] Indexing started.
[Info  - 1:16:58 PM] Indexing ended. 2 files indexed in 0s.
[Info  - 1:17:24 PM] Indexing started.
[Info  - 1:17:25 PM] Indexing ended. 5 files indexed in 0s.
[Info  - 1:17:28 PM] Indexing started.
[Info  - 1:17:28 PM] Indexing ended. 1 files indexed in 0s.
[Info  - 1:18:23 PM] Indexing started.
[Info  - 1:18:24 PM] Indexing ended. 1 files indexed in 0s.
[Info  - 1:18:55 PM] Indexing started.
[Info  - 1:18:55 PM] Indexing ended. 1 files indexed in 0s.
[Info  - 1:19:10 PM] Indexing started.
[Info  - 1:19:10 PM] Indexing ended. 2 files indexed in 0s.
[Info  - 1:19:10 PM] Indexing started.
[Info  - 1:19:11 PM] Indexing ended. 1 files indexed in 0s.
[Info  - 1:19:41 PM] Indexing started.
[Info  - 1:19:41 PM] Indexing ended. 1 files indexed in 0s.
[Info  - 1:19:41 PM] Indexing started.
[Info  - 1:19:42 PM] Indexing ended. 1 files indexed in 0s.
[Info  - 1:19:44 PM] Indexing started.
[Info  - 1:19:45 PM] Indexing ended. 1 files indexed in 0s.
[Info  - 1:20:09 PM] Indexing started.
[Info  - 1:20:09 PM] Indexing ended. 1 files indexed in 0s.
[Info  - 1:20:14 PM] Indexing started.
[Info  - 1:20:15 PM] Indexing ended. 4 files indexed in 0s.
[Info  - 1:20:15 PM] Indexing started.
[Info  - 1:20:16 PM] Indexing ended. 1 files indexed in 0s.
[Info  - 1:20:18 PM] Indexing started.
[Info  - 1:20:18 PM] Indexing ended. 1 files indexed in 0s.
[Info  - 1:20:21 PM] Indexing started.
[Info  - 1:20:21 PM] Indexing ended. 4 files indexed in 0s.
[Info  - 1:20:35 PM] Indexing started.
[Info  - 1:20:35 PM] Indexing ended. 1 files indexed in 0s.
[Info  - 1:20:36 PM] Indexing started.
[Info  - 1:20:36 PM] Indexing ended. 1 files indexed in 0s.
[Info  - 1:21:22 PM] Indexing started.
[Info  - 1:21:23 PM] Indexing ended. 4 files indexed in 0s.
[Info  - 1:21:33 PM] Indexing started.
[Info  - 1:21:34 PM] Indexing ended. 1 files indexed in 0s.
[Info  - 1:21:34 PM] Indexing started.
[Info  - 1:21:34 PM] Indexing ended. 2 files indexed in 0s.
[Info  - 1:21:38 PM] Indexing started.
[Info  - 1:21:38 PM] Indexing ended. 1 files indexed in 0s.
[Info  - 1:22:23 PM] Indexing started.
[Info  - 1:22:24 PM] Indexing ended. 10 files indexed in 0s.
[Info  - 1:22:28 PM] Indexing started.
[Info  - 1:22:28 PM] Indexing ended. 1 files indexed in 0s.
[Info  - 1:22:29 PM] Indexing started.
[Info  - 1:22:29 PM] Indexing ended. 1 files indexed in 0s.
[Info  - 1:22:30 PM] Indexing started.
[Info  - 1:22:30 PM] Indexing ended. 4 files indexed in 0s.
[Info  - 1:22:32 PM] Indexing started.
[Info  - 1:22:33 PM] Indexing ended. 4 files indexed in 0s.
[Info  - 1:22:37 PM] Indexing started.
[Info  - 1:22:38 PM] Indexing ended. 1 files indexed in 0s.
[Info  - 1:22:48 PM] Indexing started.
[Info  - 1:22:49 PM] Indexing ended. 3 files indexed in 0s.
[Info  - 1:22:50 PM] Indexing started.
[Info  - 1:22:50 PM] Indexing ended. 1 files indexed in 0s.
[Info  - 1:23:46 PM] Indexing started.
[Info  - 1:23:46 PM] Indexing ended. 4 files indexed in 0s.
[Info  - 1:23:47 PM] Indexing started.
[Info  - 1:23:47 PM] Indexing ended. 1 files indexed in 0s.
[Info  - 1:24:04 PM] Indexing started.
[Info  - 1:24:04 PM] Indexing ended. 1 files indexed in 0s.
[Info  - 1:24:06 PM] Indexing started.
[Info  - 1:24:06 PM] Indexing ended. 3 files indexed in 0s.
[Info  - 1:24:12 PM] Indexing started.
[Info  - 1:24:12 PM] Indexing ended. 3 files indexed in 0s.
[Info  - 1:24:27 PM] Indexing started.
[Info  - 1:24:27 PM] Indexing ended. 1 files indexed in 0s.
[Info  - 1:24:28 PM] Indexing started.
[Info  - 1:24:28 PM] Indexing ended. 2 files indexed in 0s.
[Info  - 1:24:48 PM] Indexing started.
[Info  - 1:24:48 PM] Indexing ended. 2 files indexed in 0s.
[Info  - 1:25:53 PM] Indexing started.
[Info  - 1:25:54 PM] Indexing ended. 1 files indexed in 0s.
[Info  - 1:25:55 PM] Indexing started.
[Info  - 1:25:55 PM] Indexing ended. 4 files indexed in 0s.
[Info  - 1:26:28 PM] Indexing started.
[Info  - 1:26:28 PM] Indexing ended. 1 files indexed in 0s.
[Info  - 1:26:31 PM] Indexing started.
[Info  - 1:26:32 PM] Indexing ended. 4 files indexed in 0s.
[Info  - 1:26:42 PM] Indexing started.
[Info  - 1:26:42 PM] Indexing ended. 5 files indexed in 0s.
[Info  - 1:26:44 PM] Indexing started.
[Info  - 1:26:45 PM] Indexing ended. 5 files indexed in 0s.
[Info  - 1:27:13 PM] Indexing started.
[Info  - 1:27:13 PM] Indexing ended. 2 files indexed in 0s.
[Info  - 1:27:13 PM] Indexing started.
[Info  - 1:27:14 PM] Indexing ended. 1 files indexed in 0s.
[Info  - 1:28:20 PM] Indexing started.
[Info  - 1:28:20 PM] Indexing ended. 7 files indexed in 0s.
[Info  - 1:28:21 PM] Indexing started.
[Info  - 1:28:22 PM] Indexing ended. 3 files indexed in 0s.
[Info  - 1:29:30 PM] Indexing started.
[Info  - 1:29:30 PM] Indexing ended. 3 files indexed in 0s.
[Info  - 1:29:33 PM] Indexing started.
[Info  - 1:29:34 PM] Indexing ended. 1 files indexed in 0s.
[Info  - 1:29:40 PM] Indexing started.
[Info  - 1:29:40 PM] Indexing ended. 1 files indexed in 0s.
[Info  - 1:29:48 PM] Indexing started.
[Info  - 1:29:48 PM] Indexing ended. 1 files indexed in 0s.
[Info  - 1:30:25 PM] Indexing started.
[Info  - 1:30:25 PM] Indexing ended. 2 files indexed in 0s.
[Info  - 1:30:33 PM] Indexing started.
[Info  - 1:30:33 PM] Indexing ended. 1 files indexed in 0s.
[Info  - 1:30:47 PM] Indexing started.
[Info  - 1:30:47 PM] Indexing ended. 4 files indexed in 0s.
[Info  - 1:30:49 PM] Indexing started.
[Info  - 1:30:49 PM] Indexing ended. 4 files indexed in 0s.
[Info  - 1:30:57 PM] Indexing started.
[Info  - 1:30:58 PM] Indexing ended. 3 files indexed in 0s.
[Info  - 1:31:35 PM] Indexing started.
[Info  - 1:31:35 PM] Indexing ended. 5 files indexed in 0s.
[Info  - 1:31:38 PM] Indexing started.
[Info  - 1:31:39 PM] Indexing ended. 1 files indexed in 0s.
[Info  - 1:31:42 PM] Indexing started.
[Info  - 1:31:42 PM] Indexing ended. 1 files indexed in 0s.
[Info  - 1:31:48 PM] Indexing started.
[Info  - 1:31:49 PM] Indexing ended. 1 files indexed in 0s.
[Info  - 1:31:51 PM] Indexing started.
[Info  - 1:31:51 PM] Indexing ended. 1 files indexed in 0s.
[Info  - 1:32:28 PM] Indexing started.
[Info  - 1:32:28 PM] Indexing ended. 3 files indexed in 0s.
[Info  - 1:32:36 PM] Indexing started.
[Info  - 1:32:36 PM] Indexing ended. 3 files indexed in 0s.
[Info  - 1:32:39 PM] Indexing started.
[Info  - 1:32:39 PM] Indexing ended. 3 files indexed in 0s.
[Info  - 1:32:41 PM] Indexing started.
[Info  - 1:32:41 PM] Indexing ended. 1 files indexed in 0s.
[Info  - 1:34:17 PM] Indexing started.
[Info  - 1:34:17 PM] Indexing ended. 2 files indexed in 0s.
[Info  - 1:34:20 PM] Indexing started.
[Info  - 1:34:20 PM] Indexing ended. 1 files indexed in 0s.
[Info  - 1:34:49 PM] Indexing started.
[Info  - 1:34:50 PM] Indexing ended. 1 files indexed in 0s.
[Info  - 1:34:50 PM] Indexing started.
[Info  - 1:34:50 PM] Indexing ended. 1 files indexed in 0s.
[Info  - 1:34:51 PM] Indexing started.
[Info  - 1:34:51 PM] Indexing ended. 3 files indexed in 0s.
[Info  - 1:35:00 PM] Indexing started.
[Info  - 1:35:00 PM] Indexing ended. 1 files indexed in 0s.
[Info  - 1:35:00 PM] Indexing started.
[Info  - 1:35:00 PM] Indexing ended. 1 files indexed in 0s.
[Info  - 1:35:01 PM] Indexing started.
[Info  - 1:35:01 PM] Indexing ended. 1 files indexed in 0s.
[Info  - 1:35:52 PM] Indexing started.
[Info  - 1:35:52 PM] Indexing ended. 4 files indexed in 0s.
[Info  - 1:36:06 PM] Indexing started.
[Info  - 1:36:06 PM] Indexing ended. 5 files indexed in 0s.
[Info  - 1:36:13 PM] Indexing started.
[Info  - 1:36:13 PM] Indexing ended. 3 files indexed in 0s.
[Info  - 1:36:48 PM] Indexing started.
[Info  - 1:36:49 PM] Indexing ended. 6 files indexed in 0s.
[Info  - 1:36:51 PM] Indexing started.
[Info  - 1:36:51 PM] Indexing ended. 3 files indexed in 0s.
[Info  - 1:36:53 PM] Indexing started.
[Info  - 1:36:53 PM] Indexing ended. 1 files indexed in 0s.
[Info  - 1:37:32 PM] Indexing started.
[Info  - 1:37:32 PM] Indexing ended. 3 files indexed in 0s.
[Info  - 1:37:35 PM] Indexing started.
[Info  - 1:37:35 PM] Indexing ended. 4 files indexed in 0s.
[Info  - 1:38:18 PM] Indexing started.
[Info  - 1:38:18 PM] Indexing ended. 1 files indexed in 0s.
[Info  - 1:38:19 PM] Indexing started.
[Info  - 1:38:19 PM] Indexing ended. 2 files indexed in 0s.
[Info  - 1:38:25 PM] Indexing started.
[Info  - 1:38:26 PM] Indexing ended. 4 files indexed in 0s.
[Info  - 1:38:27 PM] Indexing started.
[Info  - 1:38:27 PM] Indexing ended. 1 files indexed in 0s.
[Info  - 1:38:35 PM] Indexing started.
[Info  - 1:38:35 PM] Indexing ended. 1 files indexed in 0s.
[Info  - 1:38:36 PM] Indexing started.
[Info  - 1:38:36 PM] Indexing ended. 1 files indexed in 0s.
[Info  - 1:39:12 PM] Indexing started.
[Info  - 1:39:12 PM] Indexing ended. 4 files indexed in 0s.
[Info  - 1:39:14 PM] Indexing started.
[Info  - 1:39:15 PM] Indexing ended. 3 files indexed in 0s.
[Info  - 1:39:18 PM] Indexing started.
[Info  - 1:39:18 PM] Indexing ended. 1 files indexed in 0s.
[Info  - 1:39:31 PM] Indexing started.
[Info  - 1:39:31 PM] Indexing ended. 1 files indexed in 0s.
[Info  - 1:39:32 PM] Indexing started.
[Info  - 1:39:32 PM] Indexing ended. 1 files indexed in 0s.
[Info  - 1:39:50 PM] Indexing started.
[Info  - 1:39:50 PM] Indexing ended. 1 files indexed in 0s.
[Info  - 1:39:51 PM] Indexing started.
[Info  - 1:39:51 PM] Indexing ended. 3 files indexed in 0s.
[Info  - 1:40:05 PM] Indexing started.
[Info  - 1:40:05 PM] Indexing ended. 3 files indexed in 0s.
[Info  - 1:40:08 PM] Indexing started.
[Info  - 1:40:08 PM] Indexing ended. 1 files indexed in 0s.
[Info  - 1:40:41 PM] Indexing started.
[Info  - 1:40:41 PM] Indexing ended. 3 files indexed in 0s.
[Info  - 1:40:42 PM] Indexing started.
[Info  - 1:40:42 PM] Indexing ended. 1 files indexed in 0s.
[Info  - 1:41:41 PM] Indexing started.
[Info  - 1:41:41 PM] Indexing ended. 3 files indexed in 0s.
[Info  - 1:41:44 PM] Indexing started.
[Info  - 1:41:44 PM] Indexing ended. 1 files indexed in 0s.
[Info  - 1:42:13 PM] Indexing started.
[Info  - 1:42:13 PM] Indexing ended. 1 files indexed in 0s.
[Info  - 1:42:18 PM] Indexing started.
[Info  - 1:42:18 PM] Indexing ended. 4 files indexed in 0s.
[Info  - 1:42:20 PM] Indexing started.
[Info  - 1:42:20 PM] Indexing ended. 1 files indexed in 0s.
[Info  - 1:42:50 PM] Indexing started.
[Info  - 1:42:50 PM] Indexing ended. 2 files indexed in 0s.
[Info  - 1:42:50 PM] Indexing started.
[Info  - 1:42:51 PM] Indexing ended. 1 files indexed in 0s.
[Info  - 1:42:59 PM] Indexing started.
[Info  - 1:42:59 PM] Indexing ended. 3 files indexed in 0s.
[Info  - 1:43:00 PM] Indexing started.
[Info  - 1:43:00 PM] Indexing ended. 1 files indexed in 0s.
[Info  - 1:43:11 PM] Indexing started.
[Info  - 1:43:11 PM] Indexing ended. 2 files indexed in 0s.
[Info  - 1:43:12 PM] Indexing started.
[Info  - 1:43:12 PM] Indexing ended. 1 files indexed in 0s.
[Info  - 1:43:20 PM] Indexing started.
[Info  - 1:43:21 PM] Indexing ended. 1 files indexed in 0s.
[Info  - 1:43:21 PM] Indexing started.
[Info  - 1:43:21 PM] Indexing ended. 1 files indexed in 0s.
[Info  - 1:43:34 PM] Indexing started.
[Info  - 1:43:34 PM] Indexing ended. 3 files indexed in 0s.
[Info  - 1:43:35 PM] Indexing started.
[Info  - 1:43:35 PM] Indexing ended. 1 files indexed in 0s.
[Info  - 1:44:26 PM] Indexing started.
[Info  - 1:44:26 PM] Indexing ended. 5 files indexed in 0s.
[Info  - 1:44:31 PM] Indexing started.
[Info  - 1:44:31 PM] Indexing ended. 1 files indexed in 0s.
[Info  - 1:44:51 PM] Indexing started.
[Info  - 1:44:51 PM] Indexing ended. 1 files indexed in 0s.
[Info  - 1:45:36 PM] Indexing started.
[Info  - 1:45:37 PM] Indexing ended. 4 files indexed in 0s.
[Info  - 1:45:56 PM] Indexing started.
[Info  - 1:45:56 PM] Indexing ended. 5 files indexed in 0s.
[Info  - 1:45:59 PM] Indexing started.
[Info  - 1:45:59 PM] Indexing ended. 1 files indexed in 0s.
[Info  - 1:46:34 PM] Indexing started.
[Info  - 1:46:34 PM] Indexing ended. 1 files indexed in 0s.
[Info  - 1:46:34 PM] Indexing started.
[Info  - 1:46:34 PM] Indexing ended. 1 files indexed in 0s.
[Info  - 1:46:40 PM] Indexing started.
[Info  - 1:46:40 PM] Indexing ended. 5 files indexed in 0s.
[Info  - 1:46:46 PM] Indexing started.
[Info  - 1:46:46 PM] Indexing ended. 1 files indexed in 0s.
[Info  - 1:47:24 PM] Indexing started.
[Info  - 1:47:24 PM] Indexing ended. 2 files indexed in 0s.
[Info  - 1:47:26 PM] Indexing started.
[Info  - 1:47:27 PM] Indexing ended. 1 files indexed in 0s.
[Info  - 1:48:11 PM] Indexing started.
[Info  - 1:48:11 PM] Indexing ended. 3 files indexed in 0s.
[Info  - 1:48:14 PM] Indexing started.
[Info  - 1:48:15 PM] Indexing ended. 1 files indexed in 0s.
[Info  - 1:48:50 PM] Indexing started.
[Info  - 1:48:51 PM] Indexing ended. 4 files indexed in 0s.
[Info  - 1:48:51 PM] Indexing started.
[Info  - 1:48:51 PM] Indexing ended. 1 files indexed in 0s.
[Info  - 1:48:55 PM] Indexing started.
[Info  - 1:48:55 PM] Indexing ended. 2 files indexed in 0s.
[Info  - 1:48:55 PM] Indexing started.
[Info  - 1:48:55 PM] Indexing ended. 1 files indexed in 0s.
[Info  - 1:48:56 PM] Indexing started.
[Info  - 1:48:56 PM] Indexing ended. 1 files indexed in 0s.
[Info  - 1:49:18 PM] Indexing started.
[Info  - 1:49:18 PM] Indexing ended. 3 files indexed in 0s.
[Info  - 1:50:02 PM] Indexing started.
[Info  - 1:50:02 PM] Indexing ended. 4 files indexed in 0s.
[Info  - 1:50:04 PM] Indexing started.
[Info  - 1:50:04 PM] Indexing ended. 1 files indexed in 0s.
[Info  - 1:50:22 PM] Indexing started.
[Info  - 1:50:22 PM] Indexing ended. 4 files indexed in 0s.
[Info  - 1:50:26 PM] Indexing started.
[Info  - 1:50:27 PM] Indexing ended. 3 files indexed in 0s.
[Info  - 1:50:27 PM] Indexing started.
[Info  - 1:50:27 PM] Indexing ended. 1 files indexed in 0s.
[Info  - 1:50:31 PM] Indexing started.
[Info  - 1:50:31 PM] Indexing ended. 1 files indexed in 0s.
[Info  - 1:51:40 PM] Indexing started.
[Info  - 1:51:41 PM] Indexing ended. 1 files indexed in 0s.
[Info  - 1:51:41 PM] Indexing started.
[Info  - 1:51:41 PM] Indexing ended. 2 files indexed in 0s.
[Info  - 1:51:45 PM] Indexing started.
[Info  - 1:51:46 PM] Indexing ended. 1 files indexed in 0s.
[Info  - 1:51:51 PM] Indexing started.
[Info  - 1:51:52 PM] Indexing ended. 3 files indexed in 0s.
[Info  - 1:51:55 PM] Indexing started.
[Info  - 1:51:56 PM] Indexing ended. 1 files indexed in 0s.
[Info  - 1:51:56 PM] Indexing started.
[Info  - 1:51:56 PM] Indexing ended. 2 files indexed in 0s.
[Info  - 1:52:05 PM] Indexing started.
[Info  - 1:52:05 PM] Indexing ended. 1 files indexed in 0s.
