[Info  - 8:29:48 AM] Initialising intelephense 1.5.2
[Info  - 8:29:48 AM] Initialised in 43 ms
[Info  - 8:29:51 AM] Indexing started.
[Info  - 8:29:51 AM] Indexing ended. 1 files indexed in 0s.
[Warn  - 8:29:52 AM] file:///home/hadooop/Desktop/east_travels/localhost/easttravel/vendor/fzaninotto/faker/src/Faker/Provider/nl_BE/Text.php is over the maximum file size of 1000000 bytes.
[Info  - 8:29:52 AM] Indexing started.
[Info  - 8:30:22 AM] Indexing ended. 5605 files indexed in 29s.
[Info  - 8:30:22 AM] Writing state to /home/hadooop/Desktop/east_travels/localhost/easttravel/~/.vscode-root/User/workspaceStorage/200f56c493fdff63fa90d492bec9af8f/bmewburn.vscode-intelephense-client/1d46879d.
[Info  - 8:30:23 AM] Wrote state in 1.8s.
[Info  - 8:30:24 AM] Indexing started.
[Info  - 8:30:24 AM] Indexing ended. 1 files indexed in 0s.
[Info  - 8:30:31 AM] Indexing started.
[Info  - 8:30:32 AM] Indexing ended. 1 files indexed in 0s.
[Info  - 8:31:03 AM] Indexing started.
[Info  - 8:31:03 AM] Indexing ended. 1 files indexed in 0s.
[Info  - 8:31:05 AM] Indexing started.
[Info  - 8:31:05 AM] Indexing ended. 1 files indexed in 0s.
[Info  - 8:31:15 AM] Indexing started.
[Info  - 8:31:16 AM] Indexing ended. 1 files indexed in 0s.
[Info  - 8:32:43 AM] Indexing started.
[Info  - 8:32:43 AM] Indexing ended. 4 files indexed in 0s.
[Info  - 8:32:44 AM] Indexing started.
[Info  - 8:32:44 AM] Indexing ended. 1 files indexed in 0s.
[Info  - 8:33:02 AM] Indexing started.
[Info  - 8:33:02 AM] Indexing ended. 1 files indexed in 0s.
[Info  - 8:33:09 AM] Indexing started.
[Info  - 8:33:09 AM] Indexing ended. 1 files indexed in 0s.
[Info  - 8:33:11 AM] Indexing started.
[Info  - 8:33:11 AM] Indexing ended. 1 files indexed in 0s.
[Info  - 8:33:35 AM] Indexing started.
[Info  - 8:33:35 AM] Indexing ended. 1 files indexed in 0s.
[Info  - 8:33:36 AM] Indexing started.
[Info  - 8:33:37 AM] Indexing ended. 1 files indexed in 0s.
[Info  - 8:33:44 AM] Indexing started.
[Info  - 8:33:44 AM] Indexing ended. 1 files indexed in 0s.
[Info  - 8:33:46 AM] Indexing started.
[Info  - 8:33:46 AM] Indexing ended. 1 files indexed in 0s.
[Info  - 8:33:52 AM] Indexing started.
[Info  - 8:33:52 AM] Indexing ended. 1 files indexed in 0s.
[Info  - 8:34:29 AM] Indexing started.
[Info  - 8:34:29 AM] Indexing ended. 1 files indexed in 0s.
[Info  - 8:35:11 AM] Indexing started.
[Info  - 8:35:11 AM] Indexing ended. 1 files indexed in 0s.
[Info  - 8:36:46 AM] Indexing started.
[Info  - 8:36:46 AM] Indexing ended. 6 files indexed in 0s.
[Info  - 8:40:47 AM] Indexing started.
[Info  - 8:40:48 AM] Indexing ended. 1 files indexed in 0s.
[Info  - 8:40:49 AM] Indexing started.
[Info  - 8:40:50 AM] Indexing ended. 11 files indexed in 0s.
[Info  - 8:41:38 AM] Indexing started.
[Info  - 8:41:39 AM] Indexing ended. 9 files indexed in 0s.
[Info  - 8:49:56 AM] Indexing started.
[Info  - 8:49:56 AM] Indexing ended. 1 files indexed in 0s.
[Info  - 8:50:34 AM] Indexing started.
[Info  - 8:50:34 AM] Indexing ended. 1 files indexed in 0s.
[Info  - 8:51:45 AM] Indexing started.
[Info  - 8:51:46 AM] Indexing ended. 1 files indexed in 0s.
[Info  - 8:52:59 AM] Indexing started.
[Info  - 8:52:59 AM] Indexing ended. 1 files indexed in 0s.
[Info  - 8:53:00 AM] Indexing started.
[Info  - 8:53:01 AM] Indexing ended. 1 files indexed in 0s.
[Info  - 8:54:20 AM] Indexing started.
[Info  - 8:54:20 AM] Indexing ended. 1 files indexed in 0s.
[Info  - 8:55:00 AM] Indexing started.
[Info  - 8:55:00 AM] Indexing ended. 1 files indexed in 0s.
[Info  - 8:55:07 AM] Indexing started.
[Info  - 8:55:07 AM] Indexing ended. 1 files indexed in 0s.
[Info  - 8:55:35 AM] Indexing started.
[Info  - 8:55:35 AM] Indexing ended. 1 files indexed in 0s.
[Info  - 8:56:29 AM] Indexing started.
[Info  - 8:56:29 AM] Indexing ended. 1 files indexed in 0s.
[Info  - 8:57:34 AM] Indexing started.
[Info  - 8:57:34 AM] Indexing ended. 1 files indexed in 0s.
[Info  - 8:57:45 AM] Indexing started.
[Info  - 8:57:45 AM] Indexing ended. 1 files indexed in 0s.
[Info  - 8:57:57 AM] Indexing started.
[Info  - 8:57:57 AM] Indexing ended. 1 files indexed in 0s.
[Info  - 8:58:07 AM] Indexing started.
[Info  - 8:58:07 AM] Indexing ended. 1 files indexed in 0s.
[Info  - 8:58:22 AM] Indexing started.
[Info  - 8:58:22 AM] Indexing ended. 1 files indexed in 0s.
[Info  - 8:59:06 AM] Indexing started.
[Info  - 8:59:06 AM] Indexing ended. 1 files indexed in 0s.
[Info  - 8:59:15 AM] Indexing started.
[Info  - 8:59:15 AM] Indexing ended. 1 files indexed in 0s.
[Info  - 8:59:33 AM] Indexing started.
[Info  - 8:59:33 AM] Indexing ended. 2 files indexed in 0s.
[Info  - 8:59:35 AM] Indexing started.
[Info  - 8:59:36 AM] Indexing ended. 11 files indexed in 1s.
[Info  - 8:59:41 AM] Indexing started.
[Info  - 8:59:41 AM] Indexing ended. 1 files indexed in 0s.
[Info  - 8:59:45 AM] Indexing started.
[Info  - 8:59:45 AM] Indexing ended. 1 files indexed in 0s.
[Info  - 9:00:39 AM] Indexing started.
[Info  - 9:00:39 AM] Indexing ended. 1 files indexed in 0s.
[Info  - 9:00:40 AM] Indexing started.
[Info  - 9:00:41 AM] Indexing ended. 1 files indexed in 0s.
[Info  - 9:01:09 AM] Indexing started.
[Info  - 9:01:09 AM] Indexing ended. 1 files indexed in 0s.
[Info  - 9:02:32 AM] Indexing started.
[Info  - 9:02:33 AM] Indexing ended. 1 files indexed in 0s.
[Info  - 9:03:02 AM] Indexing started.
[Info  - 9:03:03 AM] Indexing ended. 1 files indexed in 0s.
[Info  - 9:03:05 AM] Indexing started.
[Info  - 9:03:05 AM] Indexing ended. 1 files indexed in 0s.
[Info  - 9:03:33 AM] Indexing started.
[Info  - 9:03:33 AM] Indexing ended. 1 files indexed in 0s.
[Info  - 9:03:36 AM] Indexing started.
[Info  - 9:03:36 AM] Indexing ended. 1 files indexed in 0s.
[Info  - 9:03:43 AM] Indexing started.
[Info  - 9:03:43 AM] Indexing ended. 2 files indexed in 0s.
[Info  - 9:03:45 AM] Indexing started.
[Info  - 9:03:46 AM] Indexing ended. 11 files indexed in 1s.
[Info  - 9:03:50 AM] Indexing started.
[Info  - 9:03:50 AM] Indexing ended. 1 files indexed in 0s.
[Info  - 9:04:19 AM] Indexing started.
[Info  - 9:04:19 AM] Indexing ended. 1 files indexed in 0s.
[Info  - 9:04:26 AM] Indexing started.
[Info  - 9:04:26 AM] Indexing ended. 1 files indexed in 0s.
[Info  - 9:04:34 AM] Indexing started.
[Info  - 9:04:34 AM] Indexing ended. 1 files indexed in 0s.
[Info  - 9:05:28 AM] Indexing started.
[Info  - 9:05:28 AM] Indexing ended. 1 files indexed in 0s.
[Info  - 9:05:34 AM] Indexing started.
[Info  - 9:05:34 AM] Indexing ended. 1 files indexed in 0s.
[Info  - 9:05:39 AM] Indexing started.
[Info  - 9:05:39 AM] Indexing ended. 1 files indexed in 0s.
[Info  - 9:06:24 AM] Indexing started.
[Info  - 9:06:24 AM] Indexing ended. 1 files indexed in 0s.
[Info  - 9:08:05 AM] Indexing started.
[Info  - 9:08:05 AM] Indexing ended. 1 files indexed in 0s.
[Info  - 9:08:07 AM] Indexing started.
[Info  - 9:08:07 AM] Indexing ended. 1 files indexed in 0s.
[Info  - 9:11:23 AM] Indexing started.
[Info  - 9:11:23 AM] Indexing ended. 1 files indexed in 0s.
[Info  - 9:11:51 AM] Indexing started.
[Info  - 9:11:51 AM] Indexing ended. 1 files indexed in 0s.
[Info  - 9:11:53 AM] Indexing started.
[Info  - 9:11:53 AM] Indexing ended. 1 files indexed in 0s.
[Info  - 9:12:46 AM] Indexing started.
[Info  - 9:12:46 AM] Indexing ended. 1 files indexed in 0s.
[Info  - 9:12:47 AM] Indexing started.
[Info  - 9:12:47 AM] Indexing ended. 1 files indexed in 0s.
[Info  - 9:13:45 AM] Indexing started.
[Info  - 9:13:45 AM] Indexing ended. 1 files indexed in 0s.
[Info  - 9:14:45 AM] Indexing started.
[Info  - 9:14:46 AM] Indexing ended. 1 files indexed in 0s.
[Info  - 9:15:05 AM] Indexing started.
[Info  - 9:15:05 AM] Indexing ended. 1 files indexed in 0s.
[Info  - 9:15:05 AM] Indexing started.
[Info  - 9:15:06 AM] Indexing ended. 1 files indexed in 0s.
[Info  - 9:15:06 AM] Indexing started.
[Info  - 9:15:06 AM] Indexing ended. 1 files indexed in 0s.
[Info  - 9:15:21 AM] Indexing started.
[Info  - 9:15:21 AM] Indexing ended. 1 files indexed in 0s.
[Info  - 9:16:34 AM] Indexing started.
[Info  - 9:16:35 AM] Indexing ended. 1 files indexed in 0s.
[Info  - 9:16:44 AM] Indexing started.
[Info  - 9:16:45 AM] Indexing ended. 1 files indexed in 0s.
[Info  - 9:16:57 AM] Indexing started.
[Info  - 9:16:57 AM] Indexing ended. 1 files indexed in 0s.
[Info  - 9:17:01 AM] Indexing started.
[Info  - 9:17:01 AM] Indexing ended. 1 files indexed in 0s.
[Info  - 9:17:36 AM] Indexing started.
[Info  - 9:17:37 AM] Indexing ended. 1 files indexed in 0s.
[Info  - 9:18:05 AM] Indexing started.
[Info  - 9:18:06 AM] Indexing ended. 1 files indexed in 0s.
[Info  - 9:19:23 AM] Indexing started.
[Info  - 9:19:23 AM] Indexing ended. 2 files indexed in 0s.
[Info  - 9:19:27 AM] Indexing started.
[Info  - 9:19:27 AM] Indexing ended. 3 files indexed in 0s.
[Info  - 9:19:40 AM] Indexing started.
[Info  - 9:19:40 AM] Indexing ended. 1 files indexed in 0s.
[Info  - 9:20:14 AM] Indexing started.
[Info  - 9:20:14 AM] Indexing ended. 1 files indexed in 0s.
[Info  - 9:20:21 AM] Indexing started.
[Info  - 9:20:21 AM] Indexing ended. 2 files indexed in 0s.
[Info  - 9:21:55 AM] Indexing started.
[Info  - 9:21:55 AM] Indexing ended. 1 files indexed in 0s.
[Info  - 9:21:56 AM] Indexing started.
[Info  - 9:21:56 AM] Indexing ended. 1 files indexed in 0s.
[Info  - 9:22:11 AM] Indexing started.
[Info  - 9:22:11 AM] Indexing ended. 1 files indexed in 0s.
[Info  - 9:22:13 AM] Indexing started.
[Info  - 9:22:13 AM] Indexing ended. 1 files indexed in 0s.
[Info  - 9:22:28 AM] Indexing started.
[Info  - 9:22:28 AM] Indexing ended. 1 files indexed in 0s.
[Info  - 9:23:14 AM] Indexing started.
[Info  - 9:23:15 AM] Indexing ended. 1 files indexed in 0s.
[Info  - 9:23:17 AM] Indexing started.
[Info  - 9:23:17 AM] Indexing ended. 3 files indexed in 0s.
[Info  - 9:23:29 AM] Indexing started.
[Info  - 9:23:29 AM] Indexing ended. 1 files indexed in 0s.
[Info  - 9:23:38 AM] Indexing started.
[Info  - 9:23:38 AM] Indexing ended. 1 files indexed in 0s.
[Info  - 9:23:38 AM] Indexing started.
[Info  - 9:23:38 AM] Indexing ended. 1 files indexed in 0s.
[Info  - 9:24:39 AM] Indexing started.
[Info  - 9:24:39 AM] Indexing ended. 1 files indexed in 0s.
[Info  - 9:24:40 AM] Indexing started.
[Info  - 9:24:40 AM] Indexing ended. 1 files indexed in 0s.
[Info  - 9:24:41 AM] Indexing started.
[Info  - 9:24:41 AM] Indexing ended. 1 files indexed in 0s.
[Info  - 9:25:07 AM] Indexing started.
[Info  - 9:25:07 AM] Indexing ended. 1 files indexed in 0s.
[Info  - 9:25:22 AM] Indexing started.
[Info  - 9:25:22 AM] Indexing ended. 1 files indexed in 0s.
[Info  - 9:25:23 AM] Indexing started.
[Info  - 9:25:23 AM] Indexing ended. 1 files indexed in 0s.
[Info  - 9:25:42 AM] Indexing started.
[Info  - 9:25:42 AM] Indexing ended. 1 files indexed in 0s.
[Info  - 9:26:02 AM] Indexing started.
[Info  - 9:26:02 AM] Indexing ended. 1 files indexed in 0s.
[Info  - 9:26:02 AM] Indexing started.
[Info  - 9:26:03 AM] Indexing ended. 1 files indexed in 0s.
[Info  - 9:26:03 AM] Indexing started.
[Info  - 9:26:04 AM] Indexing ended. 1 files indexed in 0s.
[Info  - 9:27:04 AM] Indexing started.
[Info  - 9:27:05 AM] Indexing ended. 1 files indexed in 0s.
[Info  - 9:27:09 AM] Indexing started.
[Info  - 9:27:09 AM] Indexing ended. 1 files indexed in 0s.
[Info  - 9:27:13 AM] Indexing started.
[Info  - 9:27:13 AM] Indexing ended. 1 files indexed in 0s.
[Info  - 9:29:44 AM] Indexing started.
[Info  - 9:29:45 AM] Indexing ended. 1 files indexed in 0s.
[Info  - 10:07:56 AM] Indexing started.
[Info  - 10:07:56 AM] Indexing ended. 1 files indexed in 0s.
[Info  - 10:08:36 AM] Indexing started.
[Info  - 10:08:36 AM] Indexing ended. 1 files indexed in 0s.
[Info  - 10:08:38 AM] Indexing started.
[Info  - 10:08:39 AM] Indexing ended. 1 files indexed in 0s.
[Info  - 10:10:15 AM] Indexing started.
[Info  - 10:10:15 AM] Indexing ended. 1 files indexed in 0s.
[Info  - 10:10:28 AM] Indexing started.
[Info  - 10:10:28 AM] Indexing ended. 1 files indexed in 0s.
[Info  - 10:10:49 AM] Indexing started.
[Info  - 10:10:49 AM] Indexing ended. 1 files indexed in 0s.
[Info  - 10:10:50 AM] Indexing started.
[Info  - 10:10:50 AM] Indexing ended. 1 files indexed in 0s.
[Info  - 10:12:48 AM] Indexing started.
[Info  - 10:12:49 AM] Indexing ended. 1 files indexed in 0s.
[Info  - 10:12:55 AM] Indexing started.
[Info  - 10:12:55 AM] Indexing ended. 1 files indexed in 0s.
[Info  - 10:13:02 AM] Indexing started.
[Info  - 10:13:02 AM] Indexing ended. 1 files indexed in 0s.
[Info  - 10:13:13 AM] Indexing started.
[Info  - 10:13:13 AM] Indexing ended. 1 files indexed in 0s.
[Info  - 10:13:15 AM] Indexing started.
[Info  - 10:13:15 AM] Indexing ended. 1 files indexed in 0s.
[Info  - 10:13:23 AM] Indexing started.
[Info  - 10:13:23 AM] Indexing ended. 1 files indexed in 0s.
[Info  - 10:13:38 AM] Indexing started.
[Info  - 10:13:38 AM] Indexing ended. 1 files indexed in 0s.
[Info  - 10:13:45 AM] Indexing started.
[Info  - 10:13:45 AM] Indexing ended. 1 files indexed in 0s.
[Info  - 10:13:53 AM] Indexing started.
[Info  - 10:13:53 AM] Indexing ended. 1 files indexed in 0s.
[Info  - 10:13:54 AM] Indexing started.
[Info  - 10:13:54 AM] Indexing ended. 1 files indexed in 0s.
[Info  - 10:13:55 AM] Indexing started.
[Info  - 10:13:56 AM] Indexing ended. 1 files indexed in 0s.
[Info  - 10:14:16 AM] Indexing started.
[Info  - 10:14:16 AM] Indexing ended. 1 files indexed in 0s.
[Info  - 10:14:27 AM] Indexing started.
[Info  - 10:14:27 AM] Indexing ended. 1 files indexed in 0s.
[Info  - 10:14:29 AM] Indexing started.
[Info  - 10:14:30 AM] Indexing ended. 1 files indexed in 0s.
[Info  - 10:14:31 AM] Indexing started.
[Info  - 10:14:31 AM] Indexing ended. 1 files indexed in 0s.
[Info  - 10:14:48 AM] Indexing started.
[Info  - 10:14:48 AM] Indexing ended. 1 files indexed in 0s.
[Info  - 10:14:50 AM] Indexing started.
[Info  - 10:14:51 AM] Indexing ended. 1 files indexed in 0s.
[Info  - 10:15:40 AM] Indexing started.
[Info  - 10:15:40 AM] Indexing ended. 1 files indexed in 0s.
[Info  - 10:15:49 AM] Indexing started.
[Info  - 10:15:49 AM] Indexing ended. 1 files indexed in 0s.
[Info  - 10:16:00 AM] Indexing started.
[Info  - 10:16:00 AM] Indexing ended. 1 files indexed in 0s.
[Info  - 10:16:01 AM] Indexing started.
[Info  - 10:16:01 AM] Indexing ended. 1 files indexed in 0s.
[Info  - 10:16:20 AM] Indexing started.
[Info  - 10:16:20 AM] Indexing ended. 1 files indexed in 0s.
[Info  - 10:16:35 AM] Indexing started.
[Info  - 10:16:35 AM] Indexing ended. 1 files indexed in 0s.
[Info  - 10:16:41 AM] Indexing started.
[Info  - 10:16:41 AM] Indexing ended. 1 files indexed in 0s.
[Info  - 10:16:52 AM] Indexing started.
[Info  - 10:16:52 AM] Indexing ended. 1 files indexed in 0s.
[Info  - 10:16:54 AM] Indexing started.
[Info  - 10:16:54 AM] Indexing ended. 1 files indexed in 0s.
[Info  - 10:21:08 AM] Indexing started.
[Info  - 10:21:08 AM] Indexing ended. 1 files indexed in 0s.
[Info  - 10:21:19 AM] Indexing started.
[Info  - 10:21:20 AM] Indexing ended. 1 files indexed in 0s.
[Info  - 10:26:59 AM] Indexing started.
[Info  - 10:26:59 AM] Indexing ended. 4 files indexed in 0s.
[Info  - 10:28:29 AM] Indexing started.
[Info  - 10:28:30 AM] Indexing ended. 1 files indexed in 0s.
[Info  - 10:30:47 AM] Indexing started.
[Info  - 10:30:47 AM] Indexing ended. 1 files indexed in 0s.
[Info  - 10:30:49 AM] Indexing started.
[Info  - 10:30:49 AM] Indexing ended. 1 files indexed in 0s.
[Info  - 10:31:11 AM] Indexing started.
[Info  - 10:31:11 AM] Indexing ended. 1 files indexed in 0s.
[Info  - 10:31:13 AM] Indexing started.
[Info  - 10:31:13 AM] Indexing ended. 1 files indexed in 0s.
[Info  - 10:31:38 AM] Indexing started.
[Info  - 10:31:38 AM] Indexing ended. 1 files indexed in 0s.
[Info  - 10:31:44 AM] Indexing started.
[Info  - 10:31:44 AM] Indexing ended. 2 files indexed in 0s.
[Info  - 10:31:45 AM] Indexing started.
[Info  - 10:31:45 AM] Indexing ended. 1 files indexed in 0s.
[Info  - 10:31:50 AM] Indexing started.
[Info  - 10:31:50 AM] Indexing ended. 1 files indexed in 0s.
[Info  - 10:32:09 AM] Indexing started.
[Info  - 10:32:10 AM] Indexing ended. 1 files indexed in 0s.
[Info  - 10:36:42 AM] Indexing started.
[Info  - 10:36:42 AM] Indexing ended. 1 files indexed in 0s.
[Info  - 10:37:11 AM] Indexing started.
[Info  - 10:37:11 AM] Indexing ended. 1 files indexed in 0s.
[Info  - 10:39:01 AM] Indexing started.
[Info  - 10:39:02 AM] Indexing ended. 1 files indexed in 0s.
[Info  - 10:39:07 AM] Indexing started.
[Info  - 10:39:07 AM] Indexing ended. 1 files indexed in 0s.
[Info  - 10:39:39 AM] Indexing started.
[Info  - 10:39:39 AM] Indexing ended. 1 files indexed in 0s.
[Info  - 10:41:22 AM] Indexing started.
[Info  - 10:41:22 AM] Indexing ended. 1 files indexed in 0s.
[Info  - 10:42:10 AM] Indexing started.
[Info  - 10:42:10 AM] Indexing ended. 1 files indexed in 0s.
[Info  - 10:42:41 AM] Indexing started.
[Info  - 10:42:41 AM] Indexing ended. 1 files indexed in 0s.
[Info  - 10:42:45 AM] Indexing started.
[Info  - 10:42:46 AM] Indexing ended. 1 files indexed in 0s.
[Info  - 10:43:29 AM] Indexing started.
[Info  - 10:43:29 AM] Indexing ended. 1 files indexed in 0s.
[Info  - 10:44:52 AM] Indexing started.
[Info  - 10:44:52 AM] Indexing ended. 1 files indexed in 0s.
[Info  - 10:45:17 AM] Indexing started.
[Info  - 10:45:17 AM] Indexing ended. 1 files indexed in 0s.
[Info  - 10:46:55 AM] Indexing started.
[Info  - 10:46:55 AM] Indexing ended. 1 files indexed in 0s.
[Info  - 10:47:00 AM] Indexing started.
[Info  - 10:47:00 AM] Indexing ended. 1 files indexed in 0s.
[Info  - 10:47:04 AM] Indexing started.
[Info  - 10:47:04 AM] Indexing ended. 1 files indexed in 0s.
[Info  - 10:47:18 AM] Indexing started.
[Info  - 10:47:19 AM] Indexing ended. 3 files indexed in 0s.
[Info  - 10:49:23 AM] Indexing started.
[Info  - 10:49:23 AM] Indexing ended. 1 files indexed in 0s.
[Info  - 10:50:28 AM] Indexing started.
[Info  - 10:50:28 AM] Indexing ended. 1 files indexed in 0s.
[Info  - 10:50:30 AM] Indexing started.
[Info  - 10:50:30 AM] Indexing ended. 1 files indexed in 0s.
[Info  - 10:50:30 AM] Indexing started.
[Info  - 10:50:31 AM] Indexing ended. 2 files indexed in 0s.
[Info  - 10:50:45 AM] Indexing started.
[Info  - 10:50:45 AM] Indexing ended. 1 files indexed in 0s.
[Info  - 10:50:46 AM] Indexing started.
[Info  - 10:50:46 AM] Indexing ended. 1 files indexed in 0s.
[Info  - 10:51:59 AM] Indexing started.
[Info  - 10:52:00 AM] Indexing ended. 1 files indexed in 0s.
[Info  - 10:52:00 AM] Indexing started.
[Info  - 10:52:00 AM] Indexing ended. 2 files indexed in 0s.
[Info  - 10:52:17 AM] Indexing started.
[Info  - 10:52:17 AM] Indexing ended. 2 files indexed in 0s.
[Info  - 10:53:10 AM] Indexing started.
[Info  - 10:53:10 AM] Indexing ended. 4 files indexed in 0s.
[Info  - 10:53:20 AM] Indexing started.
[Info  - 10:53:20 AM] Indexing ended. 1 files indexed in 0s.
[Info  - 11:05:42 AM] Indexing started.
[Info  - 11:05:42 AM] Indexing ended. 1 files indexed in 0s.
[Info  - 11:05:46 AM] Indexing started.
[Info  - 11:05:49 AM] Indexing ended. 11 files indexed in 2s.
[Info  - 11:06:47 AM] Indexing started.
[Info  - 11:06:47 AM] Indexing ended. 1 files indexed in 0s.
[Info  - 11:06:47 AM] Indexing started.
[Info  - 11:06:48 AM] Indexing ended. 1 files indexed in 0s.
[Info  - 11:08:57 AM] Indexing started.
[Info  - 11:08:57 AM] Indexing ended. 1 files indexed in 0s.
[Info  - 11:09:08 AM] Indexing started.
[Info  - 11:09:08 AM] Indexing ended. 1 files indexed in 0s.
[Info  - 11:09:09 AM] Indexing started.
[Info  - 11:09:09 AM] Indexing ended. 1 files indexed in 0s.
[Info  - 11:14:55 AM] Indexing started.
[Info  - 11:14:55 AM] Indexing ended. 1 files indexed in 0s.
[Info  - 11:15:09 AM] Indexing started.
[Info  - 11:15:09 AM] Indexing ended. 1 files indexed in 0s.
[Info  - 11:16:00 AM] Indexing started.
[Info  - 11:16:01 AM] Indexing ended. 2 files indexed in 0s.
[Info  - 11:16:01 AM] Indexing started.
[Info  - 11:16:01 AM] Indexing ended. 1 files indexed in 0s.
[Info  - 11:20:21 AM] Indexing started.
[Info  - 11:20:21 AM] Indexing ended. 2 files indexed in 0s.
[Info  - 11:20:23 AM] Indexing started.
[Info  - 11:20:24 AM] Indexing ended. 11 files indexed in 1s.
[Info  - 11:21:05 AM] Indexing started.
[Info  - 11:21:06 AM] Indexing ended. 1 files indexed in 0s.
[Info  - 11:21:15 AM] Indexing started.
[Info  - 11:21:15 AM] Indexing ended. 1 files indexed in 0s.
[Info  - 11:21:16 AM] Indexing started.
[Info  - 11:21:16 AM] Indexing ended. 2 files indexed in 0s.
[Info  - 11:21:29 AM] Indexing started.
[Info  - 11:21:29 AM] Indexing ended. 1 files indexed in 0s.
[Info  - 11:21:29 AM] Indexing started.
[Info  - 11:21:29 AM] Indexing ended. 1 files indexed in 0s.
[Info  - 11:21:41 AM] Indexing started.
[Info  - 11:21:42 AM] Indexing ended. 1 files indexed in 0s.
[Info  - 11:24:35 AM] Indexing started.
[Info  - 11:24:36 AM] Indexing ended. 1 files indexed in 0s.
[Info  - 11:24:37 AM] Indexing started.
[Info  - 11:24:37 AM] Indexing ended. 1 files indexed in 0s.
[Info  - 11:25:16 AM] Indexing started.
[Info  - 11:25:17 AM] Indexing ended. 1 files indexed in 0s.
[Info  - 11:25:50 AM] Indexing started.
[Info  - 11:25:50 AM] Indexing ended. 1 files indexed in 0s.
[Info  - 11:25:57 AM] Indexing started.
[Info  - 11:25:57 AM] Indexing ended. 1 files indexed in 0s.
[Info  - 11:25:58 AM] Indexing started.
[Info  - 11:25:58 AM] Indexing ended. 1 files indexed in 0s.
[Info  - 11:25:59 AM] Indexing started.
[Info  - 11:25:59 AM] Indexing ended. 1 files indexed in 0s.
[Info  - 11:26:01 AM] Indexing started.
[Info  - 11:26:02 AM] Indexing ended. 1 files indexed in 0s.
[Info  - 11:27:17 AM] Indexing started.
[Info  - 11:27:17 AM] Indexing ended. 1 files indexed in 0s.
[Info  - 11:28:11 AM] Indexing started.
[Info  - 11:28:11 AM] Indexing ended. 1 files indexed in 0s.
[Info  - 11:28:11 AM] Indexing started.
[Info  - 11:28:12 AM] Indexing ended. 1 files indexed in 0s.
[Info  - 11:28:15 AM] Indexing started.
[Info  - 11:28:15 AM] Indexing ended. 2 files indexed in 0s.
[Info  - 11:28:25 AM] Indexing started.
[Info  - 11:28:25 AM] Indexing ended. 1 files indexed in 0s.
[Info  - 11:29:12 AM] Indexing started.
[Info  - 11:29:12 AM] Indexing ended. 1 files indexed in 0s.
[Info  - 11:29:16 AM] Indexing started.
[Info  - 11:29:16 AM] Indexing ended. 2 files indexed in 0s.
[Info  - 11:29:40 AM] Indexing started.
[Info  - 11:29:40 AM] Indexing ended. 2 files indexed in 0s.
[Info  - 11:29:48 AM] Indexing started.
[Info  - 11:29:48 AM] Indexing ended. 2 files indexed in 0s.
[Info  - 11:30:11 AM] Indexing started.
[Info  - 11:30:11 AM] Indexing ended. 2 files indexed in 0s.
[Info  - 11:31:01 AM] Indexing started.
[Info  - 11:31:01 AM] Indexing ended. 1 files indexed in 0s.
[Info  - 11:31:01 AM] Indexing started.
[Info  - 11:31:01 AM] Indexing ended. 1 files indexed in 0s.
[Info  - 11:33:24 AM] Indexing started.
[Info  - 11:33:25 AM] Indexing ended. 3 files indexed in 0s.
[Info  - 11:35:34 AM] Indexing started.
[Info  - 11:35:34 AM] Indexing ended. 1 files indexed in 0s.
[Info  - 11:37:53 AM] Indexing started.
[Info  - 11:37:54 AM] Indexing ended. 1 files indexed in 0s.
[Info  - 11:40:16 AM] Indexing started.
[Info  - 11:40:16 AM] Indexing ended. 1 files indexed in 0s.
[Info  - 11:42:05 AM] Indexing started.
[Info  - 11:42:05 AM] Indexing ended. 1 files indexed in 0s.
[Info  - 11:44:21 AM] Indexing started.
[Info  - 11:44:21 AM] Indexing ended. 1 files indexed in 0s.
[Info  - 11:44:22 AM] Indexing started.
[Info  - 11:44:22 AM] Indexing ended. 1 files indexed in 0s.
[Info  - 11:45:41 AM] Indexing started.
[Info  - 11:45:42 AM] Indexing ended. 1 files indexed in 0s.
[Info  - 11:45:42 AM] Indexing started.
[Info  - 11:45:43 AM] Indexing ended. 1 files indexed in 0s.
[Info  - 11:46:43 AM] Indexing started.
[Info  - 11:46:43 AM] Indexing ended. 1 files indexed in 0s.
[Info  - 11:46:44 AM] Indexing started.
[Info  - 11:46:44 AM] Indexing ended. 1 files indexed in 0s.
[Info  - 11:46:56 AM] Indexing started.
[Info  - 11:46:56 AM] Indexing ended. 1 files indexed in 0s.
[Info  - 11:46:57 AM] Indexing started.
[Info  - 11:46:57 AM] Indexing ended. 2 files indexed in 0s.
[Info  - 11:47:09 AM] Indexing started.
[Info  - 11:47:09 AM] Indexing ended. 4 files indexed in 0s.
[Info  - 11:47:16 AM] Indexing started.
[Info  - 11:47:16 AM] Indexing ended. 1 files indexed in 0s.
[Info  - 11:47:16 AM] Indexing started.
[Info  - 11:47:16 AM] Indexing ended. 1 files indexed in 0s.
[Info  - 11:47:19 AM] Indexing started.
[Info  - 11:47:19 AM] Indexing ended. 1 files indexed in 0s.
[Info  - 11:47:19 AM] Indexing started.
[Info  - 11:47:20 AM] Indexing ended. 2 files indexed in 0s.
[Info  - 11:50:27 AM] Indexing started.
[Info  - 11:50:27 AM] Indexing ended. 1 files indexed in 0s.
[Info  - 11:50:28 AM] Indexing started.
[Info  - 11:50:28 AM] Indexing ended. 1 files indexed in 0s.
[Info  - 11:50:52 AM] Indexing started.
[Info  - 11:50:52 AM] Indexing ended. 4 files indexed in 0s.
[Info  - 11:50:56 AM] Indexing started.
[Info  - 11:50:56 AM] Indexing ended. 1 files indexed in 0s.
[Info  - 11:51:04 AM] Indexing started.
[Info  - 11:51:04 AM] Indexing ended. 3 files indexed in 0s.
[Info  - 11:51:54 AM] Indexing started.
[Info  - 11:51:54 AM] Indexing ended. 1 files indexed in 0s.
[Info  - 11:52:03 AM] Indexing started.
[Info  - 11:52:03 AM] Indexing ended. 1 files indexed in 0s.
[Info  - 11:52:05 AM] Indexing started.
[Info  - 11:52:05 AM] Indexing ended. 1 files indexed in 0s.
[Info  - 11:52:22 AM] Indexing started.
[Info  - 11:52:23 AM] Indexing ended. 6 files indexed in 0s.
[Info  - 11:53:57 AM] Indexing started.
[Info  - 11:53:57 AM] Indexing ended. 4 files indexed in 0s.
[Info  - 11:54:08 AM] Indexing started.
[Info  - 11:54:08 AM] Indexing ended. 1 files indexed in 0s.
[Info  - 11:54:11 AM] Indexing started.
[Info  - 11:54:11 AM] Indexing ended. 6 files indexed in 0s.
[Info  - 11:54:29 AM] Indexing started.
[Info  - 11:54:29 AM] Indexing ended. 1 files indexed in 0s.
[Info  - 11:54:30 AM] Indexing started.
[Info  - 11:54:30 AM] Indexing ended. 1 files indexed in 0s.
[Info  - 11:54:35 AM] Indexing started.
[Info  - 11:54:35 AM] Indexing ended. 1 files indexed in 0s.
[Info  - 11:54:37 AM] Indexing started.
[Info  - 11:54:37 AM] Indexing ended. 1 files indexed in 0s.
[Info  - 11:56:03 AM] Indexing started.
[Info  - 11:56:03 AM] Indexing ended. 1 files indexed in 0s.
[Info  - 11:56:03 AM] Indexing started.
[Info  - 11:56:03 AM] Indexing ended. 2 files indexed in 0s.
[Info  - 11:56:05 AM] Indexing started.
[Info  - 11:56:05 AM] Indexing ended. 1 files indexed in 0s.
[Info  - 11:59:55 AM] Indexing started.
[Info  - 11:59:55 AM] Indexing ended. 1 files indexed in 0s.
[Info  - 12:01:48 PM] Indexing started.
[Info  - 12:01:48 PM] Indexing ended. 1 files indexed in 0s.
[Info  - 12:01:49 PM] Indexing started.
[Info  - 12:01:49 PM] Indexing ended. 2 files indexed in 0s.
[Info  - 12:03:27 PM] Indexing started.
[Info  - 12:03:28 PM] Indexing ended. 2 files indexed in 0s.
[Info  - 12:03:54 PM] Indexing started.
[Info  - 12:03:55 PM] Indexing ended. 3 files indexed in 0s.
[Info  - 12:03:55 PM] Indexing started.
[Info  - 12:03:55 PM] Indexing ended. 1 files indexed in 0s.
[Info  - 12:05:06 PM] Indexing started.
[Info  - 12:05:07 PM] Indexing ended. 1 files indexed in 0s.
[Info  - 12:05:09 PM] Indexing started.
[Info  - 12:05:09 PM] Indexing ended. 3 files indexed in 0s.
[Info  - 12:06:11 PM] Indexing started.
[Info  - 12:06:11 PM] Indexing ended. 1 files indexed in 0s.
[Info  - 12:06:27 PM] Indexing started.
[Info  - 12:06:27 PM] Indexing ended. 3 files indexed in 0s.
